# JRE version: OpenJDK Runtime Environment Temurin-21.0.12.1+1 (21.0.12.1+1) (build 21.0.12.1+1-LTS)
# Java VM: OpenJDK 64-Bit Server VM Temurin-21.0.12.1+1 (21.0.12.1+1-LTS, mixed mode, sharing, tiered, compressed oops, compressed class ptrs, g1 gc, windows-amd64)
GC Precious Log:
 CardTable entry size: 512
 Card Set container configuration: InlinePtr #cards 5 size 8 Array Of Cards #cards 12 size 40 Howl #buckets 4 coarsen threshold 1843 Howl Bitmap #cards 512 size 80 coarsen threshold 460 Card regions per heap region 1 cards per card region 2048
 CPUs: 8 total, 8 available
 Memory: 32615M
 Large Page Support: Disabled
 NUMA Support: Disabled
 Compressed Oops: Enabled (32-bit)
 Heap Region Size: 1M
 Heap Min Capacity: 8M
 Heap Initial Capacity: 510M
 Heap Max Capacity: 1536M
 Pre-touch: Disabled
 Parallel Workers: 8
 Concurrent Workers: 2
 Concurrent Refinement Workers: 8
 Periodic GC: Disabled
Heap:
 garbage-first heap   total 310272K, used 91743K [0x00000000a0000000, 0x0000000100000000)
  region size 1024K, 65 young (66560K), 7 survivors (7168K)
 Metaspace       used 38217K, committed 39552K, reserved 1114112K
  class space    used 5466K, committed 6144K, reserved 1048576K
GC Heap History (20 events):
Event: 19.527 GC heap before
{Heap before GC invocations=2 (full 0):
 garbage-first heap   total 522240K, used 59931K [0x00000000a0000000, 0x0000000100000000)
  region size 1024K, 51 young (52224K), 5 survivors (5120K)
 Metaspace       used 5351K, committed 5632K, reserved 1114112K
  class space    used 715K, committed 832K, reserved 1048576K
}
Event: 19.534 GC heap after
{Heap after GC invocations=3 (full 0):
 garbage-first heap   total 522240K, used 16586K [0x00000000a0000000, 0x0000000100000000)
  region size 1024K, 5 young (5120K), 5 survivors (5120K)
 Metaspace       used 5351K, committed 5632K, reserved 1114112K
  class space    used 715K, committed 832K, reserved 1048576K
}
Event: 56.385 GC heap before
{Heap before GC invocations=3 (full 0):
 garbage-first heap   total 522240K, used 108746K [0x00000000a0000000, 0x0000000100000000)
  region size 1024K, 96 young (98304K), 5 survivors (5120K)
 Metaspace       used 20875K, committed 21504K, reserved 1114112K
  class space    used 3068K, committed 3392K, reserved 1048576K
}
Event: 56.412 GC heap after
{Heap after GC invocations=4 (full 0):
 garbage-first heap   total 522240K, used 23843K [0x00000000a0000000, 0x0000000100000000)
  region size 1024K, 12 young (12288K), 12 survivors (12288K)
 Metaspace       used 20875K, committed 21504K, reserved 1114112K
  class space    used 3068K, committed 3392K, reserved 1048576K
}
Event: 62.833 GC heap before
{Heap before GC invocations=5 (full 0):
 garbage-first heap   total 81920K, used 80163K [0x00000000a0000000, 0x0000000100000000)
  region size 1024K, 68 young (69632K), 12 survivors (12288K)
 Metaspace       used 27501K, committed 28608K, reserved 1114112K
  class space    used 4179K, committed 4736K, reserved 1048576K
}
Event: 63.126 GC heap after
{Heap after GC invocations=6 (full 0):
 garbage-first heap   total 98304K, used 27929K [0x00000000a0000000, 0x0000000100000000)
  region size 1024K, 16 young (16384K), 16 survivors (16384K)
 Metaspace       used 27501K, committed 28608K, reserved 1114112K
  class space    used 4179K, committed 4736K, reserved 1048576K
}
Event: 292.390 GC heap before
{Heap before GC invocations=6 (full 0):
 garbage-first heap   total 98304K, used 69913K [0x00000000a0000000, 0x0000000100000000)
  region size 1024K, 57 young (58368K), 16 survivors (16384K)
 Metaspace       used 29974K, committed 31232K, reserved 1114112K
  class space    used 4567K, committed 5184K, reserved 1048576K
}
Event: 292.413 GC heap after
{Heap after GC invocations=7 (full 0):
 garbage-first heap   total 98304K, used 28036K [0x00000000a0000000, 0x0000000100000000)
  region size 1024K, 5 young (5120K), 5 survivors (5120K)
 Metaspace       used 29974K, committed 31232K, reserved 1114112K
  class space    used 4567K, committed 5184K, reserved 1048576K
}
Event: 758.429 GC heap before
{Heap before GC invocations=7 (full 0):
 garbage-first heap   total 98304K, used 80260K [0x00000000a0000000, 0x0000000100000000)
  region size 1024K, 57 young (58368K), 5 survivors (5120K)
 Metaspace       used 30340K, committed 31616K, reserved 1114112K
  class space    used 4619K, committed 5248K, reserved 1048576K
}
Event: 758.537 GC heap after
{Heap after GC invocations=8 (full 0):
 garbage-first heap   total 98304K, used 27270K [0x00000000a0000000, 0x0000000100000000)
  region size 1024K, 4 young (4096K), 4 survivors (4096K)
 Metaspace       used 30340K, committed 31616K, reserved 1114112K
  class space    used 4619K, committed 5248K, reserved 1048576K
}
Event: 1098.162 GC heap before
{Heap before GC invocations=8 (full 0):
 garbage-first heap   total 98304K, used 80518K [0x00000000a0000000, 0x0000000100000000)
  region size 1024K, 57 young (58368K), 4 survivors (4096K)
 Metaspace       used 34129K, committed 35328K, reserved 1114112K
  class space    used 5057K, committed 5632K, reserved 1048576K
}
Event: 1098.192 GC heap after
{Heap after GC invocations=9 (full 0):
 garbage-first heap   total 98304K, used 29300K [0x00000000a0000000, 0x0000000100000000)
  region size 1024K, 6 young (6144K), 6 survivors (6144K)
 Metaspace       used 34129K, committed 35328K, reserved 1114112K
  class space    used 5057K, committed 5632K, reserved 1048576K
}
Event: 1101.330 GC heap before
{Heap before GC invocations=9 (full 0):
 garbage-first heap   total 98304K, used 32372K [0x00000000a0000000, 0x0000000100000000)
  region size 1024K, 10 young (10240K), 6 survivors (6144K)
 Metaspace       used 34807K, committed 35968K, reserved 1114112K
  class space    used 5129K, committed 5696K, reserved 1048576K
}
Event: 1101.359 GC heap after
{Heap after GC invocations=10 (full 0):
 garbage-first heap   total 98304K, used 30032K [0x00000000a0000000, 0x0000000100000000)
  region size 1024K, 4 young (4096K), 4 survivors (4096K)
 Metaspace       used 34807K, committed 35968K, reserved 1114112K
  class space    used 5129K, committed 5696K, reserved 1048576K
}
Event: 1182.605 GC heap before
{Heap before GC invocations=11 (full 0):
 garbage-first heap   total 98304K, used 82256K [0x00000000a0000000, 0x0000000100000000)
  region size 1024K, 51 young (52224K), 4 survivors (4096K)
 Metaspace       used 38040K, committed 39296K, reserved 1114112K
  class space    used 5457K, committed 6080K, reserved 1048576K
}
Event: 1182.636 GC heap after
{Heap after GC invocations=12 (full 0):
 garbage-first heap   total 310272K, used 34264K [0x00000000a0000000, 0x0000000100000000)
  region size 1024K, 7 young (7168K), 7 survivors (7168K)
 Metaspace       used 38040K, committed 39296K, reserved 1114112K
  class space    used 5457K, committed 6080K, reserved 1048576K
}
Event: 2483.075 GC heap before
{Heap before GC invocations=12 (full 0):
 garbage-first heap   total 310272K, used 180696K [0x00000000a0000000, 0x0000000100000000)
  region size 1024K, 150 young (153600K), 7 survivors (7168K)
 Metaspace       used 38171K, committed 39488K, reserved 1114112K
  class space    used 5466K, committed 6144K, reserved 1048576K
}
Event: 2483.219 GC heap after
{Heap after GC invocations=13 (full 0):
 garbage-first heap   total 310272K, used 33782K [0x00000000a0000000, 0x0000000100000000)
  region size 1024K, 7 young (7168K), 7 survivors (7168K)
 Metaspace       used 38171K, committed 39488K, reserved 1114112K
  class space    used 5466K, committed 6144K, reserved 1048576K
}
Event: 4090.410 GC heap before
{Heap before GC invocations=13 (full 0):
 garbage-first heap   total 310272K, used 211958K [0x00000000a0000000, 0x0000000100000000)
  region size 1024K, 181 young (185344K), 7 survivors (7168K)
 Metaspace       used 38217K, committed 39552K, reserved 1114112K
  class space    used 5466K, committed 6144K, reserved 1048576K
}
Event: 4090.515 GC heap after
{Heap after GC invocations=14 (full 0):
 garbage-first heap   total 310272K, used 33375K [0x00000000a0000000, 0x0000000100000000)
  region size 1024K, 7 young (7168K), 7 survivors (7168K)
 Metaspace       used 38217K, committed 39552K, reserved 1114112K
  class space    used 5466K, committed 6144K, reserved 1048576K
}

