# JRE version: OpenJDK Runtime Environment Temurin-21.0.12.1+1 (21.0.12.1+1) (build 21.0.12.1+1-LTS)
# Java VM: OpenJDK 64-Bit Server VM Temurin-21.0.12.1+1 (21.0.12.1+1-LTS, mixed mode, sharing, tiered, compressed oops, compressed class ptrs, g1 gc, windows-amd64)
GC Precious Log:
 CardTable entry size: 512
 Card Set container configuration: InlinePtr #cards 5 size 8 Array Of Cards #cards 12 size 40 Howl #buckets 4 coarsen threshold 1843 Howl Bitmap #cards 512 size 80 coarsen threshold 460 Card regions per heap region 1 cards per card region 2048
 CPUs: 8 total, 8 available
 Memory: 32615M
 Large Page Support: Disabled
 NUMA Support: Disabled
 Compressed Oops: Enabled (32-bit)
 Heap Region Size: 1M
 Heap Min Capacity: 256M
 Heap Initial Capacity: 256M
 Heap Max Capacity: 512M
 Pre-touch: Disabled
 Parallel Workers: 8
 Concurrent Workers: 2
 Concurrent Refinement Workers: 8
 Periodic GC: Disabled
Heap:
 garbage-first heap   total 262144K, used 31010K [0x00000000e0000000, 0x0000000100000000)
  region size 1024K, 4 young (4096K), 2 survivors (2048K)
 Metaspace       used 29710K, committed 30912K, reserved 393216K
  class space    used 4518K, committed 5120K, reserved 327680K
GC Heap History (12 events):
Event: 73.344 GC heap before
{Heap before GC invocations=0 (full 0):
 garbage-first heap   total 262144K, used 26624K [0x00000000e0000000, 0x0000000100000000)
  region size 1024K, 23 young (23552K), 0 survivors (0K)
 Metaspace       used 1108K, committed 1216K, reserved 393216K
  class space    used 80K, committed 128K, reserved 327680K
}
Event: 76.210 GC heap after
{Heap after GC invocations=1 (full 0):
 garbage-first heap   total 262144K, used 9983K [0x00000000e0000000, 0x0000000100000000)
  region size 1024K, 3 young (3072K), 3 survivors (3072K)
 Metaspace       used 1108K, committed 1216K, reserved 393216K
  class space    used 80K, committed 128K, reserved 327680K
}
Event: 208.374 GC heap before
{Heap before GC invocations=1 (full 0):
 garbage-first heap   total 262144K, used 40703K [0x00000000e0000000, 0x0000000100000000)
  region size 1024K, 33 young (33792K), 3 survivors (3072K)
 Metaspace       used 4317K, committed 4480K, reserved 393216K
  class space    used 544K, committed 640K, reserved 327680K
}
Event: 208.385 GC heap after
{Heap after GC invocations=2 (full 0):
 garbage-first heap   total 262144K, used 11960K [0x00000000e0000000, 0x0000000100000000)
  region size 1024K, 2 young (2048K), 2 survivors (2048K)
 Metaspace       used 4317K, committed 4480K, reserved 393216K
  class space    used 544K, committed 640K, reserved 327680K
}
Event: 346.180 GC heap before
{Heap before GC invocations=2 (full 0):
 garbage-first heap   total 262144K, used 73400K [0x00000000e0000000, 0x0000000100000000)
  region size 1024K, 60 young (61440K), 2 survivors (2048K)
 Metaspace       used 9606K, committed 9920K, reserved 393216K
  class space    used 1282K, committed 1472K, reserved 327680K
}
Event: 346.570 GC heap after
{Heap after GC invocations=3 (full 0):
 garbage-first heap   total 262144K, used 19833K [0x00000000e0000000, 0x0000000100000000)
  region size 1024K, 8 young (8192K), 8 survivors (8192K)
 Metaspace       used 9606K, committed 9920K, reserved 393216K
  class space    used 1282K, committed 1472K, reserved 327680K
}
Event: 397.606 GC heap before
{Heap before GC invocations=3 (full 0):
 garbage-first heap   total 262144K, used 95609K [0x00000000e0000000, 0x0000000100000000)
  region size 1024K, 83 young (84992K), 8 survivors (8192K)
 Metaspace       used 20894K, committed 21504K, reserved 393216K
  class space    used 3058K, committed 3328K, reserved 327680K
}
Event: 397.639 GC heap after
{Heap after GC invocations=4 (full 0):
 garbage-first heap   total 262144K, used 25181K [0x00000000e0000000, 0x0000000100000000)
  region size 1024K, 14 young (14336K), 14 survivors (14336K)
 Metaspace       used 20894K, committed 21504K, reserved 393216K
  class space    used 3058K, committed 3328K, reserved 327680K
}
Event: 10583.918 GC heap before
{Heap before GC invocations=5 (full 0):
 garbage-first heap   total 262144K, used 166493K [0x00000000e0000000, 0x0000000100000000)
  region size 1024K, 153 young (156672K), 14 survivors (14336K)
 Metaspace       used 29707K, committed 30912K, reserved 393216K
  class space    used 4518K, committed 5120K, reserved 327680K
}
Event: 10584.926 GC heap after
{Heap after GC invocations=6 (full 0):
 garbage-first heap   total 262144K, used 29078K [0x00000000e0000000, 0x0000000100000000)
  region size 1024K, 9 young (9216K), 9 survivors (9216K)
 Metaspace       used 29707K, committed 30912K, reserved 393216K
  class space    used 4518K, committed 5120K, reserved 327680K
}
Event: 10592.191 GC heap before
{Heap before GC invocations=6 (full 0):
 garbage-first heap   total 262144K, used 32150K [0x00000000e0000000, 0x0000000100000000)
  region size 1024K, 12 young (12288K), 9 survivors (9216K)
 Metaspace       used 29710K, committed 30912K, reserved 393216K
  class space    used 4518K, committed 5120K, reserved 327680K
}
Event: 10592.263 GC heap after
{Heap after GC invocations=7 (full 0):
 garbage-first heap   total 262144K, used 29986K [0x00000000e0000000, 0x0000000100000000)
  region size 1024K, 2 young (2048K), 2 survivors (2048K)
 Metaspace       used 29710K, committed 30912K, reserved 393216K
  class space    used 4518K, committed 5120K, reserved 327680K
}

