# JRE version: OpenJDK Runtime Environment Temurin-21.0.12.1+1 (21.0.12.1+1) (build 21.0.12.1+1-LTS)
# Java VM: OpenJDK 64-Bit Server VM Temurin-21.0.12.1+1 (21.0.12.1+1-LTS, mixed mode, sharing, tiered, compressed oops, compressed class ptrs, g1 gc, windows-amd64)
GC Precious Log:
 CardTable entry size: 512
 Card Set container configuration: InlinePtr #cards 5 size 8 Array Of Cards #cards 12 size 40 Howl #buckets 4 coarsen threshold 1843 Howl Bitmap #cards 512 size 80 coarsen threshold 460 Card regions per heap region 1 cards per card region 2048
 CPUs: 8 total, 8 available
 Memory: 32615M
 Large Page Support: Disabled
 NUMA Support: Disabled
 Compressed Oops: Enabled (32-bit)
 Heap Region Size: 1M
 Heap Min Capacity: 256M
 Heap Initial Capacity: 256M
 Heap Max Capacity: 512M
 Pre-touch: Disabled
 Parallel Workers: 8
 Concurrent Workers: 2
 Concurrent Refinement Workers: 8
 Periodic GC: Disabled
Heap:
 garbage-first heap   total 262144K, used 95554K [0x00000000e0000000, 0x0000000100000000)
  region size 1024K, 76 young (77824K), 9 survivors (9216K)
 Metaspace       used 33968K, committed 35200K, reserved 393216K
  class space    used 5009K, committed 5632K, reserved 327680K
GC Heap History (12 events):
Event: 38.721 GC heap before
{Heap before GC invocations=0 (full 0):
 garbage-first heap   total 262144K, used 26624K [0x00000000e0000000, 0x0000000100000000)
  region size 1024K, 23 young (23552K), 0 survivors (0K)
 Metaspace       used 1100K, committed 1216K, reserved 393216K
  class space    used 80K, committed 128K, reserved 327680K
}
Event: 39.008 GC heap after
{Heap after GC invocations=1 (full 0):
 garbage-first heap   total 262144K, used 10282K [0x00000000e0000000, 0x0000000100000000)
  region size 1024K, 3 young (3072K), 3 survivors (3072K)
 Metaspace       used 1100K, committed 1216K, reserved 393216K
  class space    used 80K, committed 128K, reserved 327680K
}
Event: 78.495 GC heap before
{Heap before GC invocations=1 (full 0):
 garbage-first heap   total 262144K, used 41002K [0x00000000e0000000, 0x0000000100000000)
  region size 1024K, 33 young (33792K), 3 survivors (3072K)
 Metaspace       used 4312K, committed 4480K, reserved 393216K
  class space    used 545K, committed 640K, reserved 327680K
}
Event: 78.533 GC heap after
{Heap after GC invocations=2 (full 0):
 garbage-first heap   total 262144K, used 12060K [0x00000000e0000000, 0x0000000100000000)
  region size 1024K, 2 young (2048K), 2 survivors (2048K)
 Metaspace       used 4312K, committed 4480K, reserved 393216K
  class space    used 545K, committed 640K, reserved 327680K
}
Event: 153.506 GC heap before
{Heap before GC invocations=2 (full 0):
 garbage-first heap   total 262144K, used 67356K [0x00000000e0000000, 0x0000000100000000)
  region size 1024K, 54 young (55296K), 2 survivors (2048K)
 Metaspace       used 8204K, committed 8576K, reserved 393216K
  class space    used 1130K, committed 1344K, reserved 327680K
}
Event: 153.517 GC heap after
{Heap after GC invocations=3 (full 0):
 garbage-first heap   total 262144K, used 19143K [0x00000000e0000000, 0x0000000100000000)
  region size 1024K, 7 young (7168K), 7 survivors (7168K)
 Metaspace       used 8204K, committed 8576K, reserved 393216K
  class space    used 1130K, committed 1344K, reserved 327680K
}
Event: 250.710 GC heap before
{Heap before GC invocations=3 (full 0):
 garbage-first heap   total 262144K, used 99015K [0x00000000e0000000, 0x0000000100000000)
  region size 1024K, 86 young (88064K), 7 survivors (7168K)
 Metaspace       used 20846K, committed 21504K, reserved 393216K
  class space    used 3044K, committed 3328K, reserved 327680K
}
Event: 250.729 GC heap after
{Heap after GC invocations=4 (full 0):
 garbage-first heap   total 262144K, used 25496K [0x00000000e0000000, 0x0000000100000000)
  region size 1024K, 14 young (14336K), 14 survivors (14336K)
 Metaspace       used 20846K, committed 21504K, reserved 393216K
  class space    used 3044K, committed 3328K, reserved 327680K
}
Event: 1720.435 GC heap before
{Heap before GC invocations=5 (full 0):
 garbage-first heap   total 262144K, used 167832K [0x00000000e0000000, 0x0000000100000000)
  region size 1024K, 153 young (156672K), 14 survivors (14336K)
 Metaspace       used 29824K, committed 30976K, reserved 393216K
  class space    used 4521K, committed 5056K, reserved 327680K
}
Event: 1720.624 GC heap after
{Heap after GC invocations=6 (full 0):
 garbage-first heap   total 262144K, used 28809K [0x00000000e0000000, 0x0000000100000000)
  region size 1024K, 10 young (10240K), 10 survivors (10240K)
 Metaspace       used 29824K, committed 30976K, reserved 393216K
  class space    used 4521K, committed 5056K, reserved 327680K
}
Event: 4233.607 GC heap before
{Heap before GC invocations=6 (full 0):
 garbage-first heap   total 262144K, used 175241K [0x00000000e0000000, 0x0000000100000000)
  region size 1024K, 153 young (156672K), 10 survivors (10240K)
 Metaspace       used 30201K, committed 31360K, reserved 393216K
  class space    used 4571K, committed 5120K, reserved 327680K
}
Event: 4233.764 GC heap after
{Heap after GC invocations=7 (full 0):
 garbage-first heap   total 262144K, used 28994K [0x00000000e0000000, 0x0000000100000000)
  region size 1024K, 9 young (9216K), 9 survivors (9216K)
 Metaspace       used 30201K, committed 31360K, reserved 393216K
  class space    used 4571K, committed 5120K, reserved 327680K
}

