# JRE version: OpenJDK Runtime Environment Temurin-21.0.12.1+1 (21.0.12.1+1) (build 21.0.12.1+1-LTS)
# Java VM: OpenJDK 64-Bit Server VM Temurin-21.0.12.1+1 (21.0.12.1+1-LTS, mixed mode, sharing, tiered, compressed oops, compressed class ptrs, g1 gc, windows-amd64)
GC Precious Log:
 CardTable entry size: 512
 Card Set container configuration: InlinePtr #cards 5 size 8 Array Of Cards #cards 12 size 40 Howl #buckets 4 coarsen threshold 1843 Howl Bitmap #cards 512 size 80 coarsen threshold 460 Card regions per heap region 1 cards per card region 2048
 CPUs: 8 total, 8 available
 Memory: 32615M
 Large Page Support: Disabled
 NUMA Support: Disabled
 Compressed Oops: Enabled (32-bit)
 Heap Region Size: 1M
 Heap Min Capacity: 8M
 Heap Initial Capacity: 510M
 Heap Max Capacity: 1536M
 Pre-touch: Disabled
 Parallel Workers: 8
 Concurrent Workers: 2
 Concurrent Refinement Workers: 8
 Periodic GC: Disabled
Heap:
 garbage-first heap   total 98304K, used 75297K [0x00000000a0000000, 0x0000000100000000)
  region size 1024K, 50 young (51200K), 8 survivors (8192K)
 Metaspace       used 37758K, committed 38912K, reserved 1114112K
  class space    used 5350K, committed 5952K, reserved 1048576K
GC Heap History (20 events):
Event: 1123.415 GC heap before
{Heap before GC invocations=7 (full 0):
 garbage-first heap   total 98304K, used 81636K [0x00000000a0000000, 0x0000000100000000)
  region size 1024K, 57 young (58368K), 4 survivors (4096K)
 Metaspace       used 30113K, committed 31360K, reserved 1114112K
  class space    used 4576K, committed 5184K, reserved 1048576K
}
Event: 1123.512 GC heap after
{Heap after GC invocations=8 (full 0):
 garbage-first heap   total 98304K, used 27211K [0x00000000a0000000, 0x0000000100000000)
  region size 1024K, 4 young (4096K), 4 survivors (4096K)
 Metaspace       used 30113K, committed 31360K, reserved 1114112K
  class space    used 4576K, committed 5184K, reserved 1048576K
}
Event: 1634.201 GC heap before
{Heap before GC invocations=8 (full 0):
 garbage-first heap   total 98304K, used 80459K [0x00000000a0000000, 0x0000000100000000)
  region size 1024K, 57 young (58368K), 4 survivors (4096K)
 Metaspace       used 30178K, committed 31424K, reserved 1114112K
  class space    used 4576K, committed 5184K, reserved 1048576K
}
Event: 1634.248 GC heap after
{Heap after GC invocations=9 (full 0):
 garbage-first heap   total 98304K, used 27286K [0x00000000a0000000, 0x0000000100000000)
  region size 1024K, 4 young (4096K), 4 survivors (4096K)
 Metaspace       used 30178K, committed 31424K, reserved 1114112K
  class space    used 4576K, committed 5184K, reserved 1048576K
}
Event: 2145.184 GC heap before
{Heap before GC invocations=9 (full 0):
 garbage-first heap   total 98304K, used 80534K [0x00000000a0000000, 0x0000000100000000)
  region size 1024K, 57 young (58368K), 4 survivors (4096K)
 Metaspace       used 30195K, committed 31424K, reserved 1114112K
  class space    used 4576K, committed 5184K, reserved 1048576K
}
Event: 2145.222 GC heap after
{Heap after GC invocations=10 (full 0):
 garbage-first heap   total 98304K, used 27154K [0x00000000a0000000, 0x0000000100000000)
  region size 1024K, 4 young (4096K), 4 survivors (4096K)
 Metaspace       used 30195K, committed 31424K, reserved 1114112K
  class space    used 4576K, committed 5184K, reserved 1048576K
}
Event: 2605.462 GC heap before
{Heap before GC invocations=10 (full 0):
 garbage-first heap   total 98304K, used 81426K [0x00000000a0000000, 0x0000000100000000)
  region size 1024K, 57 young (58368K), 4 survivors (4096K)
 Metaspace       used 30226K, committed 31424K, reserved 1114112K
  class space    used 4576K, committed 5184K, reserved 1048576K
}
Event: 2605.501 GC heap after
{Heap after GC invocations=11 (full 0):
 garbage-first heap   total 98304K, used 27128K [0x00000000a0000000, 0x0000000100000000)
  region size 1024K, 4 young (4096K), 4 survivors (4096K)
 Metaspace       used 30226K, committed 31424K, reserved 1114112K
  class space    used 4576K, committed 5184K, reserved 1048576K
}
Event: 3062.427 GC heap before
{Heap before GC invocations=11 (full 0):
 garbage-first heap   total 98304K, used 80376K [0x00000000a0000000, 0x0000000100000000)
  region size 1024K, 57 young (58368K), 4 survivors (4096K)
 Metaspace       used 30526K, committed 31808K, reserved 1114112K
  class space    used 4628K, committed 5248K, reserved 1048576K
}
Event: 3062.492 GC heap after
{Heap after GC invocations=12 (full 0):
 garbage-first heap   total 98304K, used 27164K [0x00000000a0000000, 0x0000000100000000)
  region size 1024K, 4 young (4096K), 4 survivors (4096K)
 Metaspace       used 30526K, committed 31808K, reserved 1114112K
  class space    used 4628K, committed 5248K, reserved 1048576K
}
Event: 3576.283 GC heap before
{Heap before GC invocations=12 (full 0):
 garbage-first heap   total 98304K, used 81436K [0x00000000a0000000, 0x0000000100000000)
  region size 1024K, 57 young (58368K), 4 survivors (4096K)
 Metaspace       used 30531K, committed 31808K, reserved 1114112K
  class space    used 4628K, committed 5248K, reserved 1048576K
}
Event: 3576.340 GC heap after
{Heap after GC invocations=13 (full 0):
 garbage-first heap   total 98304K, used 26994K [0x00000000a0000000, 0x0000000100000000)
  region size 1024K, 4 young (4096K), 4 survivors (4096K)
 Metaspace       used 30531K, committed 31808K, reserved 1114112K
  class space    used 4628K, committed 5248K, reserved 1048576K
}
Event: 4172.638 GC heap before
{Heap before GC invocations=13 (full 0):
 garbage-first heap   total 98304K, used 80242K [0x00000000a0000000, 0x0000000100000000)
  region size 1024K, 57 young (58368K), 4 survivors (4096K)
 Metaspace       used 30535K, committed 31808K, reserved 1114112K
  class space    used 4628K, committed 5248K, reserved 1048576K
}
Event: 4172.722 GC heap after
{Heap after GC invocations=14 (full 0):
 garbage-first heap   total 98304K, used 27271K [0x00000000a0000000, 0x0000000100000000)
  region size 1024K, 4 young (4096K), 4 survivors (4096K)
 Metaspace       used 30535K, committed 31808K, reserved 1114112K
  class space    used 4628K, committed 5248K, reserved 1048576K
}
Event: 4501.298 GC heap before
{Heap before GC invocations=14 (full 0):
 garbage-first heap   total 98304K, used 81543K [0x00000000a0000000, 0x0000000100000000)
  region size 1024K, 57 young (58368K), 4 survivors (4096K)
 Metaspace       used 31034K, committed 32256K, reserved 1114112K
  class space    used 4709K, committed 5312K, reserved 1048576K
}
Event: 4501.339 GC heap after
{Heap after GC invocations=15 (full 0):
 garbage-first heap   total 98304K, used 27203K [0x00000000a0000000, 0x0000000100000000)
  region size 1024K, 4 young (4096K), 4 survivors (4096K)
 Metaspace       used 31034K, committed 32256K, reserved 1114112K
  class space    used 4709K, committed 5312K, reserved 1048576K
}
Event: 4506.676 GC heap before
{Heap before GC invocations=15 (full 0):
 garbage-first heap   total 98304K, used 51779K [0x00000000a0000000, 0x0000000100000000)
  region size 1024K, 30 young (30720K), 4 survivors (4096K)
 Metaspace       used 36309K, committed 37568K, reserved 1114112K
  class space    used 5285K, committed 5952K, reserved 1048576K
}
Event: 4506.696 GC heap after
{Heap after GC invocations=16 (full 0):
 garbage-first heap   total 98304K, used 31000K [0x00000000a0000000, 0x0000000100000000)
  region size 1024K, 8 young (8192K), 8 survivors (8192K)
 Metaspace       used 36309K, committed 37568K, reserved 1114112K
  class space    used 5285K, committed 5952K, reserved 1048576K
}
Event: 4673.482 GC heap before
{Heap before GC invocations=17 (full 0):
 garbage-first heap   total 98304K, used 85272K [0x00000000a0000000, 0x0000000100000000)
  region size 1024K, 57 young (58368K), 8 survivors (8192K)
 Metaspace       used 37699K, committed 38848K, reserved 1114112K
  class space    used 5342K, committed 5952K, reserved 1048576K
}
Event: 4673.553 GC heap after
{Heap after GC invocations=18 (full 0):
 garbage-first heap   total 98304K, used 33313K [0x00000000a0000000, 0x0000000100000000)
  region size 1024K, 8 young (8192K), 8 survivors (8192K)
 Metaspace       used 37699K, committed 38848K, reserved 1114112K
  class space    used 5342K, committed 5952K, reserved 1048576K
}

