# JRE version: OpenJDK Runtime Environment Temurin-21.0.12.1+1 (21.0.12.1+1) (build 21.0.12.1+1-LTS)
# Java VM: OpenJDK 64-Bit Server VM Temurin-21.0.12.1+1 (21.0.12.1+1-LTS, mixed mode, sharing, tiered, compressed oops, compressed class ptrs, g1 gc, windows-amd64)
GC Precious Log:
 CardTable entry size: 512
 Card Set container configuration: InlinePtr #cards 5 size 8 Array Of Cards #cards 12 size 40 Howl #buckets 4 coarsen threshold 1843 Howl Bitmap #cards 512 size 80 coarsen threshold 460 Card regions per heap region 1 cards per card region 2048
 CPUs: 8 total, 8 available
 Memory: 32615M
 Large Page Support: Disabled
 NUMA Support: Disabled
 Compressed Oops: Enabled (32-bit)
 Heap Region Size: 1M
 Heap Min Capacity: 8M
 Heap Initial Capacity: 510M
 Heap Max Capacity: 1536M
 Pre-touch: Disabled
 Parallel Workers: 8
 Concurrent Workers: 2
 Concurrent Refinement Workers: 8
 Periodic GC: Disabled
Heap:
 garbage-first heap   total 105472K, used 79121K [0x00000000a0000000, 0x0000000100000000)
  region size 1024K, 55 young (56320K), 4 survivors (4096K)
 Metaspace       used 30615K, committed 31872K, reserved 1114112K
  class space    used 4636K, committed 5248K, reserved 1048576K
GC Heap History (16 events):
Event: 46.004 GC heap before
{Heap before GC invocations=0 (full 0):
 garbage-first heap   total 522240K, used 24576K [0x00000000a0000000, 0x0000000100000000)
  region size 1024K, 25 young (25600K), 0 survivors (0K)
 Metaspace       used 1106K, committed 1216K, reserved 1114112K
  class space    used 81K, committed 128K, reserved 1048576K
}
Event: 47.726 GC heap after
{Heap after GC invocations=1 (full 0):
 garbage-first heap   total 522240K, used 4445K [0x00000000a0000000, 0x0000000100000000)
  region size 1024K, 4 young (4096K), 4 survivors (4096K)
 Metaspace       used 1106K, committed 1216K, reserved 1114112K
  class space    used 81K, committed 128K, reserved 1048576K
}
Event: 131.966 GC heap before
{Heap before GC invocations=1 (full 0):
 garbage-first heap   total 522240K, used 42333K [0x00000000a0000000, 0x0000000100000000)
  region size 1024K, 38 young (38912K), 4 survivors (4096K)
 Metaspace       used 4410K, committed 4608K, reserved 1114112K
  class space    used 551K, committed 640K, reserved 1048576K
}
Event: 131.974 GC heap after
{Heap after GC invocations=2 (full 0):
 garbage-first heap   total 522240K, used 11629K [0x00000000a0000000, 0x0000000100000000)
  region size 1024K, 4 young (4096K), 4 survivors (4096K)
 Metaspace       used 4410K, committed 4608K, reserved 1114112K
  class space    used 551K, committed 640K, reserved 1048576K
}
Event: 336.608 GC heap before
{Heap before GC invocations=2 (full 0):
 garbage-first heap   total 522240K, used 60781K [0x00000000a0000000, 0x0000000100000000)
  region size 1024K, 50 young (51200K), 4 survivors (4096K)
 Metaspace       used 5504K, committed 5760K, reserved 1114112K
  class space    used 727K, committed 832K, reserved 1048576K
}
Event: 336.623 GC heap after
{Heap after GC invocations=3 (full 0):
 garbage-first heap   total 522240K, used 17233K [0x00000000a0000000, 0x0000000100000000)
  region size 1024K, 7 young (7168K), 7 survivors (7168K)
 Metaspace       used 5504K, committed 5760K, reserved 1114112K
  class space    used 727K, committed 832K, reserved 1048576K
}
Event: 630.811 GC heap before
{Heap before GC invocations=3 (full 0):
 garbage-first heap   total 522240K, used 122705K [0x00000000a0000000, 0x0000000100000000)
  region size 1024K, 111 young (113664K), 7 survivors (7168K)
 Metaspace       used 20813K, committed 21504K, reserved 1114112K
  class space    used 3021K, committed 3392K, reserved 1048576K
}
Event: 630.841 GC heap after
{Heap after GC invocations=4 (full 0):
 garbage-first heap   total 522240K, used 25182K [0x00000000a0000000, 0x0000000100000000)
  region size 1024K, 15 young (15360K), 15 survivors (15360K)
 Metaspace       used 20813K, committed 21504K, reserved 1114112K
  class space    used 3021K, committed 3392K, reserved 1048576K
}
Event: 642.089 GC heap before
{Heap before GC invocations=5 (full 0):
 garbage-first heap   total 86016K, used 84574K [0x00000000a0000000, 0x0000000100000000)
  region size 1024K, 74 young (75776K), 15 survivors (15360K)
 Metaspace       used 27923K, committed 29056K, reserved 1114112K
  class space    used 4218K, committed 4800K, reserved 1048576K
}
Event: 642.130 GC heap after
{Heap after GC invocations=6 (full 0):
 garbage-first heap   total 105472K, used 28005K [0x00000000a0000000, 0x0000000100000000)
  region size 1024K, 11 young (11264K), 11 survivors (11264K)
 Metaspace       used 27923K, committed 29056K, reserved 1114112K
  class space    used 4218K, committed 4800K, reserved 1048576K
}
Event: 1021.428 GC heap before
{Heap before GC invocations=6 (full 0):
 garbage-first heap   total 105472K, used 79205K [0x00000000a0000000, 0x0000000100000000)
  region size 1024K, 61 young (62464K), 11 survivors (11264K)
 Metaspace       used 30188K, committed 31424K, reserved 1114112K
  class space    used 4583K, committed 5184K, reserved 1048576K
}
Event: 1021.543 GC heap after
{Heap after GC invocations=7 (full 0):
 garbage-first heap   total 105472K, used 28233K [0x00000000a0000000, 0x0000000100000000)
  region size 1024K, 4 young (4096K), 4 survivors (4096K)
 Metaspace       used 30188K, committed 31424K, reserved 1114112K
  class space    used 4583K, committed 5184K, reserved 1048576K
}
Event: 1597.589 GC heap before
{Heap before GC invocations=7 (full 0):
 garbage-first heap   total 105472K, used 85577K [0x00000000a0000000, 0x0000000100000000)
  region size 1024K, 61 young (62464K), 4 survivors (4096K)
 Metaspace       used 30217K, committed 31488K, reserved 1114112K
  class space    used 4583K, committed 5184K, reserved 1048576K
}
Event: 1597.629 GC heap after
{Heap after GC invocations=8 (full 0):
 garbage-first heap   total 105472K, used 28076K [0x00000000a0000000, 0x0000000100000000)
  region size 1024K, 4 young (4096K), 4 survivors (4096K)
 Metaspace       used 30217K, committed 31488K, reserved 1114112K
  class space    used 4583K, committed 5184K, reserved 1048576K
}
Event: 2030.374 GC heap before
{Heap before GC invocations=8 (full 0):
 garbage-first heap   total 105472K, used 86444K [0x00000000a0000000, 0x0000000100000000)
  region size 1024K, 61 young (62464K), 4 survivors (4096K)
 Metaspace       used 30304K, committed 31488K, reserved 1114112K
  class space    used 4583K, committed 5184K, reserved 1048576K
}
Event: 2030.420 GC heap after
{Heap after GC invocations=9 (full 0):
 garbage-first heap   total 105472K, used 27921K [0x00000000a0000000, 0x0000000100000000)
  region size 1024K, 4 young (4096K), 4 survivors (4096K)
 Metaspace       used 30304K, committed 31488K, reserved 1114112K
  class space    used 4583K, committed 5184K, reserved 1048576K
}

