# JRE version: OpenJDK Runtime Environment Temurin-21.0.12.1+1 (21.0.12.1+1) (build 21.0.12.1+1-LTS)
# Java VM: OpenJDK 64-Bit Server VM Temurin-21.0.12.1+1 (21.0.12.1+1-LTS, mixed mode, sharing, tiered, compressed oops, compressed class ptrs, g1 gc, windows-amd64)
GC Precious Log:
 CardTable entry size: 512
 Card Set container configuration: InlinePtr #cards 5 size 8 Array Of Cards #cards 12 size 40 Howl #buckets 4 coarsen threshold 1843 Howl Bitmap #cards 512 size 80 coarsen threshold 460 Card regions per heap region 1 cards per card region 2048
 CPUs: 8 total, 8 available
 Memory: 32615M
 Large Page Support: Disabled
 NUMA Support: Disabled
 Compressed Oops: Enabled (32-bit)
 Heap Region Size: 1M
 Heap Min Capacity: 256M
 Heap Initial Capacity: 256M
 Heap Max Capacity: 512M
 Pre-touch: Disabled
 Parallel Workers: 8
 Concurrent Workers: 2
 Concurrent Refinement Workers: 8
 Periodic GC: Disabled
Heap:
 garbage-first heap   total 262144K, used 63275K [0x00000000e0000000, 0x0000000100000000)
  region size 1024K, 40 young (40960K), 7 survivors (7168K)
 Metaspace       used 35499K, committed 36800K, reserved 393216K
  class space    used 5090K, committed 5696K, reserved 327680K
GC Heap History (14 events):
Event: 29.885 GC heap before
{Heap before GC invocations=0 (full 0):
 garbage-first heap   total 262144K, used 26624K [0x00000000e0000000, 0x0000000100000000)
  region size 1024K, 23 young (23552K), 0 survivors (0K)
 Metaspace       used 1123K, committed 1280K, reserved 393216K
  class space    used 80K, committed 128K, reserved 327680K
}
Event: 31.273 GC heap after
{Heap after GC invocations=1 (full 0):
 garbage-first heap   total 262144K, used 9983K [0x00000000e0000000, 0x0000000100000000)
  region size 1024K, 3 young (3072K), 3 survivors (3072K)
 Metaspace       used 1123K, committed 1280K, reserved 393216K
  class space    used 80K, committed 128K, reserved 327680K
}
Event: 68.456 GC heap before
{Heap before GC invocations=1 (full 0):
 garbage-first heap   total 262144K, used 40703K [0x00000000e0000000, 0x0000000100000000)
  region size 1024K, 33 young (33792K), 3 survivors (3072K)
 Metaspace       used 4293K, committed 4480K, reserved 393216K
  class space    used 545K, committed 640K, reserved 327680K
}
Event: 68.461 GC heap after
{Heap after GC invocations=2 (full 0):
 garbage-first heap   total 262144K, used 12013K [0x00000000e0000000, 0x0000000100000000)
  region size 1024K, 2 young (2048K), 2 survivors (2048K)
 Metaspace       used 4293K, committed 4480K, reserved 393216K
  class space    used 545K, committed 640K, reserved 327680K
}
Event: 188.694 GC heap before
{Heap before GC invocations=2 (full 0):
 garbage-first heap   total 262144K, used 74477K [0x00000000e0000000, 0x0000000100000000)
  region size 1024K, 61 young (62464K), 2 survivors (2048K)
 Metaspace       used 10119K, committed 10368K, reserved 393216K
  class space    used 1348K, committed 1472K, reserved 327680K
}
Event: 189.374 GC heap after
{Heap after GC invocations=3 (full 0):
 garbage-first heap   total 262144K, used 20248K [0x00000000e0000000, 0x0000000100000000)
  region size 1024K, 8 young (8192K), 8 survivors (8192K)
 Metaspace       used 10119K, committed 10368K, reserved 393216K
  class space    used 1348K, committed 1472K, reserved 327680K
}
Event: 263.383 GC heap before
{Heap before GC invocations=3 (full 0):
 garbage-first heap   total 262144K, used 93976K [0x00000000e0000000, 0x0000000100000000)
  region size 1024K, 81 young (82944K), 8 survivors (8192K)
 Metaspace       used 20903K, committed 21504K, reserved 393216K
  class space    used 3060K, committed 3328K, reserved 327680K
}
Event: 263.403 GC heap after
{Heap after GC invocations=4 (full 0):
 garbage-first heap   total 262144K, used 25368K [0x00000000e0000000, 0x0000000100000000)
  region size 1024K, 13 young (13312K), 13 survivors (13312K)
 Metaspace       used 20903K, committed 21504K, reserved 393216K
  class space    used 3060K, committed 3328K, reserved 327680K
}
Event: 1758.283 GC heap before
{Heap before GC invocations=5 (full 0):
 garbage-first heap   total 262144K, used 168728K [0x00000000e0000000, 0x0000000100000000)
  region size 1024K, 153 young (156672K), 13 survivors (13312K)
 Metaspace       used 29758K, committed 30976K, reserved 393216K
  class space    used 4515K, committed 5120K, reserved 327680K
}
Event: 1758.664 GC heap after
{Heap after GC invocations=6 (full 0):
 garbage-first heap   total 262144K, used 28519K [0x00000000e0000000, 0x0000000100000000)
  region size 1024K, 8 young (8192K), 8 survivors (8192K)
 Metaspace       used 29758K, committed 30976K, reserved 393216K
  class space    used 4515K, committed 5120K, reserved 327680K
}
Event: 3166.067 GC heap before
{Heap before GC invocations=6 (full 0):
 garbage-first heap   total 262144K, used 108391K [0x00000000e0000000, 0x0000000100000000)
  region size 1024K, 87 young (89088K), 8 survivors (8192K)
 Metaspace       used 29859K, committed 31104K, reserved 393216K
  class space    used 4515K, committed 5120K, reserved 327680K
}
Event: 3166.176 GC heap after
{Heap after GC invocations=7 (full 0):
 garbage-first heap   total 262144K, used 28738K [0x00000000e0000000, 0x0000000100000000)
  region size 1024K, 4 young (4096K), 4 survivors (4096K)
 Metaspace       used 29859K, committed 31104K, reserved 393216K
  class space    used 4515K, committed 5120K, reserved 327680K
}
Event: 5072.788 GC heap before
{Heap before GC invocations=7 (full 0):
 garbage-first heap   total 262144K, used 174146K [0x00000000e0000000, 0x0000000100000000)
  region size 1024K, 148 young (151552K), 4 survivors (4096K)
 Metaspace       used 34908K, committed 36096K, reserved 393216K
  class space    used 5115K, committed 5696K, reserved 327680K
}
Event: 5072.826 GC heap after
{Heap after GC invocations=8 (full 0):
 garbage-first heap   total 262144K, used 31531K [0x00000000e0000000, 0x0000000100000000)
  region size 1024K, 7 young (7168K), 7 survivors (7168K)
 Metaspace       used 34908K, committed 36096K, reserved 393216K
  class space    used 5115K, committed 5696K, reserved 327680K
}

