# JRE version: OpenJDK Runtime Environment Temurin-21.0.12.1+1 (21.0.12.1+1) (build 21.0.12.1+1-LTS)
# Java VM: OpenJDK 64-Bit Server VM Temurin-21.0.12.1+1 (21.0.12.1+1-LTS, mixed mode, sharing, tiered, compressed oops, compressed class ptrs, g1 gc, windows-amd64)
GC Precious Log:
 CardTable entry size: 512
 Card Set container configuration: InlinePtr #cards 5 size 8 Array Of Cards #cards 12 size 40 Howl #buckets 4 coarsen threshold 1843 Howl Bitmap #cards 512 size 80 coarsen threshold 460 Card regions per heap region 1 cards per card region 2048
 CPUs: 8 total, 8 available
 Memory: 32615M
 Large Page Support: Disabled
 NUMA Support: Disabled
 Compressed Oops: Enabled (32-bit)
 Heap Region Size: 1M
 Heap Min Capacity: 8M
 Heap Initial Capacity: 510M
 Heap Max Capacity: 1536M
 Pre-touch: Disabled
 Parallel Workers: 8
 Concurrent Workers: 2
 Concurrent Refinement Workers: 8
 Periodic GC: Disabled
Heap:
 garbage-first heap   total 99328K, used 40518K [0x00000000a0000000, 0x0000000100000000)
  region size 1024K, 12 young (12288K), 3 survivors (3072K)
 Metaspace       used 36809K, committed 38144K, reserved 1114112K
  class space    used 5332K, committed 6016K, reserved 1048576K
GC Heap History (20 events):
Event: 474.401 GC heap before
{Heap before GC invocations=7 (full 0):
 garbage-first heap   total 99328K, used 33835K [0x00000000a0000000, 0x0000000100000000)
  region size 1024K, 12 young (12288K), 7 survivors (7168K)
 Metaspace       used 34966K, committed 36160K, reserved 1114112K
  class space    used 5058K, committed 5632K, reserved 1048576K
}
Event: 474.422 GC heap after
{Heap after GC invocations=8 (full 0):
 garbage-first heap   total 99328K, used 31773K [0x00000000a0000000, 0x0000000100000000)
  region size 1024K, 5 young (5120K), 5 survivors (5120K)
 Metaspace       used 34966K, committed 36160K, reserved 1114112K
  class space    used 5058K, committed 5632K, reserved 1048576K
}
Event: 772.760 GC heap before
{Heap before GC invocations=9 (full 0):
 garbage-first heap   total 99328K, used 86045K [0x00000000a0000000, 0x0000000100000000)
  region size 1024K, 58 young (59392K), 5 survivors (5120K)
 Metaspace       used 36336K, committed 37696K, reserved 1114112K
  class space    used 5279K, committed 5952K, reserved 1048576K
}
Event: 772.812 GC heap after
{Heap after GC invocations=10 (full 0):
 garbage-first heap   total 99328K, used 32839K [0x00000000a0000000, 0x0000000100000000)
  region size 1024K, 6 young (6144K), 6 survivors (6144K)
 Metaspace       used 36336K, committed 37696K, reserved 1114112K
  class space    used 5279K, committed 5952K, reserved 1048576K
}
Event: 1293.596 GC heap before
{Heap before GC invocations=10 (full 0):
 garbage-first heap   total 99328K, used 86087K [0x00000000a0000000, 0x0000000100000000)
  region size 1024K, 58 young (59392K), 6 survivors (6144K)
 Metaspace       used 36374K, committed 37696K, reserved 1114112K
  class space    used 5279K, committed 5952K, reserved 1048576K
}
Event: 1293.701 GC heap after
{Heap after GC invocations=11 (full 0):
 garbage-first heap   total 99328K, used 32764K [0x00000000a0000000, 0x0000000100000000)
  region size 1024K, 3 young (3072K), 3 survivors (3072K)
 Metaspace       used 36374K, committed 37696K, reserved 1114112K
  class space    used 5279K, committed 5952K, reserved 1048576K
}
Event: 1822.152 GC heap before
{Heap before GC invocations=11 (full 0):
 garbage-first heap   total 99328K, used 88060K [0x00000000a0000000, 0x0000000100000000)
  region size 1024K, 58 young (59392K), 3 survivors (3072K)
 Metaspace       used 36440K, committed 37760K, reserved 1114112K
  class space    used 5279K, committed 5952K, reserved 1048576K
}
Event: 1822.200 GC heap after
{Heap after GC invocations=12 (full 0):
 garbage-first heap   total 99328K, used 32260K [0x00000000a0000000, 0x0000000100000000)
  region size 1024K, 3 young (3072K), 3 survivors (3072K)
 Metaspace       used 36440K, committed 37760K, reserved 1114112K
  class space    used 5279K, committed 5952K, reserved 1048576K
}
Event: 2353.152 GC heap before
{Heap before GC invocations=12 (full 0):
 garbage-first heap   total 99328K, used 88580K [0x00000000a0000000, 0x0000000100000000)
  region size 1024K, 58 young (59392K), 3 survivors (3072K)
 Metaspace       used 36482K, committed 37824K, reserved 1114112K
  class space    used 5279K, committed 5952K, reserved 1048576K
}
Event: 2353.179 GC heap after
{Heap after GC invocations=13 (full 0):
 garbage-first heap   total 99328K, used 32328K [0x00000000a0000000, 0x0000000100000000)
  region size 1024K, 3 young (3072K), 3 survivors (3072K)
 Metaspace       used 36482K, committed 37824K, reserved 1114112K
  class space    used 5279K, committed 5952K, reserved 1048576K
}
Event: 2902.233 GC heap before
{Heap before GC invocations=13 (full 0):
 garbage-first heap   total 99328K, used 88648K [0x00000000a0000000, 0x0000000100000000)
  region size 1024K, 58 young (59392K), 3 survivors (3072K)
 Metaspace       used 36514K, committed 37888K, reserved 1114112K
  class space    used 5279K, committed 5952K, reserved 1048576K
}
Event: 2902.258 GC heap after
{Heap after GC invocations=14 (full 0):
 garbage-first heap   total 99328K, used 32222K [0x00000000a0000000, 0x0000000100000000)
  region size 1024K, 3 young (3072K), 3 survivors (3072K)
 Metaspace       used 36514K, committed 37888K, reserved 1114112K
  class space    used 5279K, committed 5952K, reserved 1048576K
}
Event: 3412.845 GC heap before
{Heap before GC invocations=14 (full 0):
 garbage-first heap   total 99328K, used 88542K [0x00000000a0000000, 0x0000000100000000)
  region size 1024K, 58 young (59392K), 3 survivors (3072K)
 Metaspace       used 36575K, committed 37888K, reserved 1114112K
  class space    used 5291K, committed 5952K, reserved 1048576K
}
Event: 3412.885 GC heap after
{Heap after GC invocations=15 (full 0):
 garbage-first heap   total 99328K, used 32546K [0x00000000a0000000, 0x0000000100000000)
  region size 1024K, 3 young (3072K), 3 survivors (3072K)
 Metaspace       used 36575K, committed 37888K, reserved 1114112K
  class space    used 5291K, committed 5952K, reserved 1048576K
}
Event: 4042.281 GC heap before
{Heap before GC invocations=15 (full 0):
 garbage-first heap   total 99328K, used 87842K [0x00000000a0000000, 0x0000000100000000)
  region size 1024K, 58 young (59392K), 3 survivors (3072K)
 Metaspace       used 36793K, committed 38144K, reserved 1114112K
  class space    used 5332K, committed 6016K, reserved 1048576K
}
Event: 4042.380 GC heap after
{Heap after GC invocations=16 (full 0):
 garbage-first heap   total 99328K, used 32608K [0x00000000a0000000, 0x0000000100000000)
  region size 1024K, 3 young (3072K), 3 survivors (3072K)
 Metaspace       used 36793K, committed 38144K, reserved 1114112K
  class space    used 5332K, committed 6016K, reserved 1048576K
}
Event: 4462.787 GC heap before
{Heap before GC invocations=16 (full 0):
 garbage-first heap   total 99328K, used 87904K [0x00000000a0000000, 0x0000000100000000)
  region size 1024K, 58 young (59392K), 3 survivors (3072K)
 Metaspace       used 36808K, committed 38144K, reserved 1114112K
  class space    used 5332K, committed 6016K, reserved 1048576K
}
Event: 4462.821 GC heap after
{Heap after GC invocations=17 (full 0):
 garbage-first heap   total 99328K, used 32396K [0x00000000a0000000, 0x0000000100000000)
  region size 1024K, 3 young (3072K), 3 survivors (3072K)
 Metaspace       used 36808K, committed 38144K, reserved 1114112K
  class space    used 5332K, committed 6016K, reserved 1048576K
}
Event: 4969.572 GC heap before
{Heap before GC invocations=17 (full 0):
 garbage-first heap   total 99328K, used 88716K [0x00000000a0000000, 0x0000000100000000)
  region size 1024K, 58 young (59392K), 3 survivors (3072K)
 Metaspace       used 36808K, committed 38144K, reserved 1114112K
  class space    used 5332K, committed 6016K, reserved 1048576K
}
Event: 4969.612 GC heap after
{Heap after GC invocations=18 (full 0):
 garbage-first heap   total 99328K, used 32326K [0x00000000a0000000, 0x0000000100000000)
  region size 1024K, 3 young (3072K), 3 survivors (3072K)
 Metaspace       used 36808K, committed 38144K, reserved 1114112K
  class space    used 5332K, committed 6016K, reserved 1048576K
}

