# JRE version: OpenJDK Runtime Environment Temurin-21.0.12.1+1 (21.0.12.1+1) (build 21.0.12.1+1-LTS)
# Java VM: OpenJDK 64-Bit Server VM Temurin-21.0.12.1+1 (21.0.12.1+1-LTS, mixed mode, sharing, tiered, compressed oops, compressed class ptrs, g1 gc, windows-amd64)
GC Precious Log:
 CardTable entry size: 512
 Card Set container configuration: InlinePtr #cards 5 size 8 Array Of Cards #cards 12 size 40 Howl #buckets 4 coarsen threshold 1843 Howl Bitmap #cards 512 size 80 coarsen threshold 460 Card regions per heap region 1 cards per card region 2048
 CPUs: 8 total, 8 available
 Memory: 32615M
 Large Page Support: Disabled
 NUMA Support: Disabled
 Compressed Oops: Enabled (32-bit)
 Heap Region Size: 1M
 Heap Min Capacity: 8M
 Heap Initial Capacity: 510M
 Heap Max Capacity: 1536M
 Pre-touch: Disabled
 Parallel Workers: 8
 Concurrent Workers: 2
 Concurrent Refinement Workers: 8
 Periodic GC: Disabled
Heap:
 garbage-first heap   total 97280K, used 36599K [0x00000000a0000000, 0x0000000100000000)
  region size 1024K, 8 young (8192K), 3 survivors (3072K)
 Metaspace       used 36909K, committed 38272K, reserved 1114112K
  class space    used 5334K, committed 6016K, reserved 1048576K
GC Heap History (20 events):
Event: 950.612 GC heap before
{Heap before GC invocations=9 (full 0):
 garbage-first heap   total 97280K, used 84331K [0x00000000a0000000, 0x0000000100000000)
  region size 1024K, 56 young (57344K), 4 survivors (4096K)
 Metaspace       used 36462K, committed 37760K, reserved 1114112K
  class space    used 5282K, committed 5952K, reserved 1048576K
}
Event: 950.626 GC heap after
{Heap after GC invocations=10 (full 0):
 garbage-first heap   total 97280K, used 33604K [0x00000000a0000000, 0x0000000100000000)
  region size 1024K, 7 young (7168K), 7 survivors (7168K)
 Metaspace       used 36462K, committed 37760K, reserved 1114112K
  class space    used 5282K, committed 5952K, reserved 1048576K
}
Event: 1464.991 GC heap before
{Heap before GC invocations=10 (full 0):
 garbage-first heap   total 97280K, used 84804K [0x00000000a0000000, 0x0000000100000000)
  region size 1024K, 57 young (58368K), 7 survivors (7168K)
 Metaspace       used 36486K, committed 37824K, reserved 1114112K
  class space    used 5282K, committed 5952K, reserved 1048576K
}
Event: 1465.057 GC heap after
{Heap after GC invocations=11 (full 0):
 garbage-first heap   total 97280K, used 33207K [0x00000000a0000000, 0x0000000100000000)
  region size 1024K, 3 young (3072K), 3 survivors (3072K)
 Metaspace       used 36486K, committed 37824K, reserved 1114112K
  class space    used 5282K, committed 5952K, reserved 1048576K
}
Event: 1984.977 GC heap before
{Heap before GC invocations=11 (full 0):
 garbage-first heap   total 97280K, used 86455K [0x00000000a0000000, 0x0000000100000000)
  region size 1024K, 55 young (56320K), 3 survivors (3072K)
 Metaspace       used 36549K, committed 37888K, reserved 1114112K
  class space    used 5282K, committed 5952K, reserved 1048576K
}
Event: 1985.028 GC heap after
{Heap after GC invocations=12 (full 0):
 garbage-first heap   total 97280K, used 32759K [0x00000000a0000000, 0x0000000100000000)
  region size 1024K, 3 young (3072K), 3 survivors (3072K)
 Metaspace       used 36549K, committed 37888K, reserved 1114112K
  class space    used 5282K, committed 5952K, reserved 1048576K
}
Event: 2497.108 GC heap before
{Heap before GC invocations=12 (full 0):
 garbage-first heap   total 97280K, used 86007K [0x00000000a0000000, 0x0000000100000000)
  region size 1024K, 56 young (57344K), 3 survivors (3072K)
 Metaspace       used 36580K, committed 37888K, reserved 1114112K
  class space    used 5282K, committed 5952K, reserved 1048576K
}
Event: 2497.159 GC heap after
{Heap after GC invocations=13 (full 0):
 garbage-first heap   total 97280K, used 32404K [0x00000000a0000000, 0x0000000100000000)
  region size 1024K, 3 young (3072K), 3 survivors (3072K)
 Metaspace       used 36580K, committed 37888K, reserved 1114112K
  class space    used 5282K, committed 5952K, reserved 1048576K
}
Event: 3034.898 GC heap before
{Heap before GC invocations=13 (full 0):
 garbage-first heap   total 97280K, used 87700K [0x00000000a0000000, 0x0000000100000000)
  region size 1024K, 57 young (58368K), 3 survivors (3072K)
 Metaspace       used 36600K, committed 37952K, reserved 1114112K
  class space    used 5282K, committed 5952K, reserved 1048576K
}
Event: 3034.945 GC heap after
{Heap after GC invocations=14 (full 0):
 garbage-first heap   total 97280K, used 32682K [0x00000000a0000000, 0x0000000100000000)
  region size 1024K, 3 young (3072K), 3 survivors (3072K)
 Metaspace       used 36600K, committed 37952K, reserved 1114112K
  class space    used 5282K, committed 5952K, reserved 1048576K
}
Event: 3538.133 GC heap before
{Heap before GC invocations=14 (full 0):
 garbage-first heap   total 97280K, used 87978K [0x00000000a0000000, 0x0000000100000000)
  region size 1024K, 57 young (58368K), 3 survivors (3072K)
 Metaspace       used 36874K, committed 38208K, reserved 1114112K
  class space    used 5334K, committed 6016K, reserved 1048576K
}
Event: 3538.155 GC heap after
{Heap after GC invocations=15 (full 0):
 garbage-first heap   total 97280K, used 32398K [0x00000000a0000000, 0x0000000100000000)
  region size 1024K, 3 young (3072K), 3 survivors (3072K)
 Metaspace       used 36874K, committed 38208K, reserved 1114112K
  class space    used 5334K, committed 6016K, reserved 1048576K
}
Event: 4044.997 GC heap before
{Heap before GC invocations=15 (full 0):
 garbage-first heap   total 97280K, used 87694K [0x00000000a0000000, 0x0000000100000000)
  region size 1024K, 57 young (58368K), 3 survivors (3072K)
 Metaspace       used 36875K, committed 38208K, reserved 1114112K
  class space    used 5334K, committed 6016K, reserved 1048576K
}
Event: 4045.094 GC heap after
{Heap after GC invocations=16 (full 0):
 garbage-first heap   total 97280K, used 32642K [0x00000000a0000000, 0x0000000100000000)
  region size 1024K, 3 young (3072K), 3 survivors (3072K)
 Metaspace       used 36875K, committed 38208K, reserved 1114112K
  class space    used 5334K, committed 6016K, reserved 1048576K
}
Event: 4580.440 GC heap before
{Heap before GC invocations=16 (full 0):
 garbage-first heap   total 97280K, used 87938K [0x00000000a0000000, 0x0000000100000000)
  region size 1024K, 57 young (58368K), 3 survivors (3072K)
 Metaspace       used 36899K, committed 38208K, reserved 1114112K
  class space    used 5334K, committed 6016K, reserved 1048576K
}
Event: 4580.673 GC heap after
{Heap after GC invocations=17 (full 0):
 garbage-first heap   total 97280K, used 32551K [0x00000000a0000000, 0x0000000100000000)
  region size 1024K, 3 young (3072K), 3 survivors (3072K)
 Metaspace       used 36899K, committed 38208K, reserved 1114112K
  class space    used 5334K, committed 6016K, reserved 1048576K
}
Event: 5095.208 GC heap before
{Heap before GC invocations=17 (full 0):
 garbage-first heap   total 97280K, used 87847K [0x00000000a0000000, 0x0000000100000000)
  region size 1024K, 57 young (58368K), 3 survivors (3072K)
 Metaspace       used 36908K, committed 38272K, reserved 1114112K
  class space    used 5334K, committed 6016K, reserved 1048576K
}
Event: 5095.319 GC heap after
{Heap after GC invocations=18 (full 0):
 garbage-first heap   total 97280K, used 32739K [0x00000000a0000000, 0x0000000100000000)
  region size 1024K, 3 young (3072K), 3 survivors (3072K)
 Metaspace       used 36908K, committed 38272K, reserved 1114112K
  class space    used 5334K, committed 6016K, reserved 1048576K
}
Event: 14852.227 GC heap before
{Heap before GC invocations=18 (full 0):
 garbage-first heap   total 97280K, used 87011K [0x00000000a0000000, 0x0000000100000000)
  region size 1024K, 57 young (58368K), 3 survivors (3072K)
 Metaspace       used 36909K, committed 38272K, reserved 1114112K
  class space    used 5334K, committed 6016K, reserved 1048576K
}
Event: 14852.359 GC heap after
{Heap after GC invocations=19 (full 0):
 garbage-first heap   total 97280K, used 32503K [0x00000000a0000000, 0x0000000100000000)
  region size 1024K, 3 young (3072K), 3 survivors (3072K)
 Metaspace       used 36909K, committed 38272K, reserved 1114112K
  class space    used 5334K, committed 6016K, reserved 1048576K
}

