# JRE version: OpenJDK Runtime Environment Temurin-21.0.12.1+1 (21.0.12.1+1) (build 21.0.12.1+1-LTS)
# Java VM: OpenJDK 64-Bit Server VM Temurin-21.0.12.1+1 (21.0.12.1+1-LTS, mixed mode, sharing, tiered, compressed oops, compressed class ptrs, g1 gc, windows-amd64)
GC Precious Log:
 CardTable entry size: 512
 Card Set container configuration: InlinePtr #cards 5 size 8 Array Of Cards #cards 12 size 40 Howl #buckets 4 coarsen threshold 1843 Howl Bitmap #cards 512 size 80 coarsen threshold 460 Card regions per heap region 1 cards per card region 2048
 CPUs: 8 total, 8 available
 Memory: 32615M
 Large Page Support: Disabled
 NUMA Support: Disabled
 Compressed Oops: Enabled (32-bit)
 Heap Region Size: 1M
 Heap Min Capacity: 8M
 Heap Initial Capacity: 510M
 Heap Max Capacity: 1536M
 Pre-touch: Disabled
 Parallel Workers: 8
 Concurrent Workers: 2
 Concurrent Refinement Workers: 8
 Periodic GC: Disabled
Heap:
 garbage-first heap   total 100352K, used 31469K [0x00000000a0000000, 0x0000000100000000)
  region size 1024K, 9 young (9216K), 4 survivors (4096K)
 Metaspace       used 30338K, committed 31552K, reserved 1114112K
  class space    used 4591K, committed 5184K, reserved 1048576K
GC Heap History (18 events):
Event: 8.554 GC heap before
{Heap before GC invocations=0 (full 0):
 garbage-first heap   total 522240K, used 25600K [0x00000000a0000000, 0x0000000100000000)
  region size 1024K, 25 young (25600K), 0 survivors (0K)
 Metaspace       used 1103K, committed 1216K, reserved 1114112K
  class space    used 81K, committed 128K, reserved 1048576K
}
Event: 8.800 GC heap after
{Heap after GC invocations=1 (full 0):
 garbage-first heap   total 522240K, used 4432K [0x00000000a0000000, 0x0000000100000000)
  region size 1024K, 4 young (4096K), 4 survivors (4096K)
 Metaspace       used 1103K, committed 1216K, reserved 1114112K
  class space    used 81K, committed 128K, reserved 1048576K
}
Event: 26.581 GC heap before
{Heap before GC invocations=1 (full 0):
 garbage-first heap   total 522240K, used 41296K [0x00000000a0000000, 0x0000000100000000)
  region size 1024K, 38 young (38912K), 4 survivors (4096K)
 Metaspace       used 4373K, committed 4544K, reserved 1114112K
  class space    used 553K, committed 640K, reserved 1048576K
}
Event: 26.589 GC heap after
{Heap after GC invocations=2 (full 0):
 garbage-first heap   total 522240K, used 10698K [0x00000000a0000000, 0x0000000100000000)
  region size 1024K, 4 young (4096K), 4 survivors (4096K)
 Metaspace       used 4373K, committed 4544K, reserved 1114112K
  class space    used 553K, committed 640K, reserved 1048576K
}
Event: 35.111 GC heap before
{Heap before GC invocations=2 (full 0):
 garbage-first heap   total 522240K, used 59850K [0x00000000a0000000, 0x0000000100000000)
  region size 1024K, 50 young (51200K), 4 survivors (4096K)
 Metaspace       used 5607K, committed 5760K, reserved 1114112K
  class space    used 747K, committed 832K, reserved 1048576K
}
Event: 35.122 GC heap after
{Heap after GC invocations=3 (full 0):
 garbage-first heap   total 522240K, used 16545K [0x00000000a0000000, 0x0000000100000000)
  region size 1024K, 7 young (7168K), 7 survivors (7168K)
 Metaspace       used 5607K, committed 5760K, reserved 1114112K
  class space    used 747K, committed 832K, reserved 1048576K
}
Event: 345.623 GC heap before
{Heap before GC invocations=3 (full 0):
 garbage-first heap   total 522240K, used 125089K [0x00000000a0000000, 0x0000000100000000)
  region size 1024K, 114 young (116736K), 7 survivors (7168K)
 Metaspace       used 20841K, committed 21504K, reserved 1114112K
  class space    used 3029K, committed 3392K, reserved 1048576K
}
Event: 345.655 GC heap after
{Heap after GC invocations=4 (full 0):
 garbage-first heap   total 522240K, used 23713K [0x00000000a0000000, 0x0000000100000000)
  region size 1024K, 14 young (14336K), 14 survivors (14336K)
 Metaspace       used 20841K, committed 21504K, reserved 1114112K
  class space    used 3029K, committed 3392K, reserved 1048576K
}
Event: 352.200 GC heap before
{Heap before GC invocations=5 (full 0):
 garbage-first heap   total 81920K, used 80033K [0x00000000a0000000, 0x0000000100000000)
  region size 1024K, 70 young (71680K), 14 survivors (14336K)
 Metaspace       used 27672K, committed 28800K, reserved 1114112K
  class space    used 4186K, committed 4736K, reserved 1048576K
}
Event: 352.229 GC heap after
{Heap after GC invocations=6 (full 0):
 garbage-first heap   total 100352K, used 27412K [0x00000000a0000000, 0x0000000100000000)
  region size 1024K, 11 young (11264K), 11 survivors (11264K)
 Metaspace       used 27672K, committed 28800K, reserved 1114112K
  class space    used 4186K, committed 4736K, reserved 1048576K
}
Event: 656.180 GC heap before
{Heap before GC invocations=6 (full 0):
 garbage-first heap   total 100352K, used 75540K [0x00000000a0000000, 0x0000000100000000)
  region size 1024K, 58 young (59392K), 11 survivors (11264K)
 Metaspace       used 30176K, committed 31424K, reserved 1114112K
  class space    used 4591K, committed 5184K, reserved 1048576K
}
Event: 656.280 GC heap after
{Heap after GC invocations=7 (full 0):
 garbage-first heap   total 100352K, used 27473K [0x00000000a0000000, 0x0000000100000000)
  region size 1024K, 4 young (4096K), 4 survivors (4096K)
 Metaspace       used 30176K, committed 31424K, reserved 1114112K
  class space    used 4591K, committed 5184K, reserved 1048576K
}
Event: 1150.736 GC heap before
{Heap before GC invocations=7 (full 0):
 garbage-first heap   total 100352K, used 82769K [0x00000000a0000000, 0x0000000100000000)
  region size 1024K, 58 young (59392K), 4 survivors (4096K)
 Metaspace       used 30216K, committed 31488K, reserved 1114112K
  class space    used 4591K, committed 5184K, reserved 1048576K
}
Event: 1150.844 GC heap after
{Heap after GC invocations=8 (full 0):
 garbage-first heap   total 100352K, used 27447K [0x00000000a0000000, 0x0000000100000000)
  region size 1024K, 4 young (4096K), 4 survivors (4096K)
 Metaspace       used 30216K, committed 31488K, reserved 1114112K
  class space    used 4591K, committed 5184K, reserved 1048576K
}
Event: 1631.393 GC heap before
{Heap before GC invocations=8 (full 0):
 garbage-first heap   total 100352K, used 81719K [0x00000000a0000000, 0x0000000100000000)
  region size 1024K, 58 young (59392K), 4 survivors (4096K)
 Metaspace       used 30290K, committed 31488K, reserved 1114112K
  class space    used 4591K, committed 5184K, reserved 1048576K
}
Event: 1631.467 GC heap after
{Heap after GC invocations=9 (full 0):
 garbage-first heap   total 100352K, used 27165K [0x00000000a0000000, 0x0000000100000000)
  region size 1024K, 4 young (4096K), 4 survivors (4096K)
 Metaspace       used 30290K, committed 31488K, reserved 1114112K
  class space    used 4591K, committed 5184K, reserved 1048576K
}
Event: 11378.721 GC heap before
{Heap before GC invocations=9 (full 0):
 garbage-first heap   total 100352K, used 82461K [0x00000000a0000000, 0x0000000100000000)
  region size 1024K, 58 young (59392K), 4 survivors (4096K)
 Metaspace       used 30335K, committed 31552K, reserved 1114112K
  class space    used 4591K, committed 5184K, reserved 1048576K
}
Event: 11378.767 GC heap after
{Heap after GC invocations=10 (full 0):
 garbage-first heap   total 100352K, used 27373K [0x00000000a0000000, 0x0000000100000000)
  region size 1024K, 4 young (4096K), 4 survivors (4096K)
 Metaspace       used 30335K, committed 31552K, reserved 1114112K
  class space    used 4591K, committed 5184K, reserved 1048576K
}

