# JRE version: OpenJDK Runtime Environment Temurin-21.0.12.1+1 (21.0.12.1+1) (build 21.0.12.1+1-LTS)
# Java VM: OpenJDK 64-Bit Server VM Temurin-21.0.12.1+1 (21.0.12.1+1-LTS, mixed mode, sharing, tiered, compressed oops, compressed class ptrs, g1 gc, windows-amd64)
GC Precious Log:
 CardTable entry size: 512
 Card Set container configuration: InlinePtr #cards 5 size 8 Array Of Cards #cards 12 size 40 Howl #buckets 4 coarsen threshold 1843 Howl Bitmap #cards 512 size 80 coarsen threshold 460 Card regions per heap region 1 cards per card region 2048
 CPUs: 8 total, 8 available
 Memory: 32615M
 Large Page Support: Disabled
 NUMA Support: Disabled
 Compressed Oops: Enabled (32-bit)
 Heap Region Size: 1M
 Heap Min Capacity: 8M
 Heap Initial Capacity: 510M
 Heap Max Capacity: 1536M
 Pre-touch: Disabled
 Parallel Workers: 8
 Concurrent Workers: 2
 Concurrent Refinement Workers: 8
 Periodic GC: Disabled
Heap:
 garbage-first heap   total 104448K, used 77870K [0x00000000a0000000, 0x0000000100000000)
  region size 1024K, 31 young (31744K), 7 survivors (7168K)
 Metaspace       used 48952K, committed 52032K, reserved 1114112K
  class space    used 6827K, committed 8000K, reserved 1048576K
GC Heap History (20 events):
Event: 2598.933 GC heap before
{Heap before GC invocations=17 (full 0):
 garbage-first heap   total 104448K, used 95288K [0x00000000a0000000, 0x0000000100000000)
  region size 1024K, 53 young (54272K), 3 survivors (3072K)
 Metaspace       used 50313K, committed 51968K, reserved 1114112K
  class space    used 7183K, committed 8000K, reserved 1048576K
}
Event: 2599.040 GC heap after
{Heap after GC invocations=18 (full 0):
 garbage-first heap   total 104448K, used 45088K [0x00000000a0000000, 0x0000000100000000)
  region size 1024K, 3 young (3072K), 3 survivors (3072K)
 Metaspace       used 50313K, committed 51968K, reserved 1114112K
  class space    used 7183K, committed 8000K, reserved 1048576K
}
Event: 3078.999 GC heap before
{Heap before GC invocations=18 (full 0):
 garbage-first heap   total 104448K, used 97312K [0x00000000a0000000, 0x0000000100000000)
  region size 1024K, 54 young (55296K), 3 survivors (3072K)
 Metaspace       used 50328K, committed 52032K, reserved 1114112K
  class space    used 7183K, committed 8000K, reserved 1048576K
}
Event: 3079.045 GC heap after
{Heap after GC invocations=19 (full 0):
 garbage-first heap   total 104448K, used 45315K [0x00000000a0000000, 0x0000000100000000)
  region size 1024K, 4 young (4096K), 4 survivors (4096K)
 Metaspace       used 50328K, committed 52032K, reserved 1114112K
  class space    used 7183K, committed 8000K, reserved 1048576K
}
Event: 3560.814 GC heap before
{Heap before GC invocations=19 (full 0):
 garbage-first heap   total 104448K, used 96515K [0x00000000a0000000, 0x0000000100000000)
  region size 1024K, 54 young (55296K), 4 survivors (4096K)
 Metaspace       used 50342K, committed 52032K, reserved 1114112K
  class space    used 7185K, committed 8000K, reserved 1048576K
}
Event: 3560.861 GC heap after
{Heap after GC invocations=20 (full 0):
 garbage-first heap   total 104448K, used 44978K [0x00000000a0000000, 0x0000000100000000)
  region size 1024K, 3 young (3072K), 3 survivors (3072K)
 Metaspace       used 50342K, committed 52032K, reserved 1114112K
  class space    used 7185K, committed 8000K, reserved 1048576K
}
Event: 3998.538 GC heap before
{Heap before GC invocations=20 (full 0):
 garbage-first heap   total 104448K, used 96178K [0x00000000a0000000, 0x0000000100000000)
  region size 1024K, 54 young (55296K), 3 survivors (3072K)
 Metaspace       used 50364K, committed 52032K, reserved 1114112K
  class space    used 7185K, committed 8000K, reserved 1048576K
}
Event: 3998.583 GC heap after
{Heap after GC invocations=21 (full 0):
 garbage-first heap   total 104448K, used 45181K [0x00000000a0000000, 0x0000000100000000)
  region size 1024K, 3 young (3072K), 3 survivors (3072K)
 Metaspace       used 50364K, committed 52032K, reserved 1114112K
  class space    used 7185K, committed 8000K, reserved 1048576K
}
Event: 4457.939 GC heap before
{Heap before GC invocations=21 (full 0):
 garbage-first heap   total 104448K, used 97405K [0x00000000a0000000, 0x0000000100000000)
  region size 1024K, 54 young (55296K), 3 survivors (3072K)
 Metaspace       used 50364K, committed 52032K, reserved 1114112K
  class space    used 7185K, committed 8000K, reserved 1048576K
}
Event: 4457.980 GC heap after
{Heap after GC invocations=22 (full 0):
 garbage-first heap   total 104448K, used 45166K [0x00000000a0000000, 0x0000000100000000)
  region size 1024K, 3 young (3072K), 3 survivors (3072K)
 Metaspace       used 50364K, committed 52032K, reserved 1114112K
  class space    used 7185K, committed 8000K, reserved 1048576K
}
Event: 4912.912 GC heap before
{Heap before GC invocations=22 (full 0):
 garbage-first heap   total 104448K, used 96366K [0x00000000a0000000, 0x0000000100000000)
  region size 1024K, 54 young (55296K), 3 survivors (3072K)
 Metaspace       used 50364K, committed 52032K, reserved 1114112K
  class space    used 7185K, committed 8000K, reserved 1048576K
}
Event: 4913.034 GC heap after
{Heap after GC invocations=23 (full 0):
 garbage-first heap   total 104448K, used 45249K [0x00000000a0000000, 0x0000000100000000)
  region size 1024K, 4 young (4096K), 4 survivors (4096K)
 Metaspace       used 50364K, committed 52032K, reserved 1114112K
  class space    used 7185K, committed 8000K, reserved 1048576K
}
Event: 5379.623 GC heap before
{Heap before GC invocations=23 (full 0):
 garbage-first heap   total 104448K, used 96449K [0x00000000a0000000, 0x0000000100000000)
  region size 1024K, 54 young (55296K), 4 survivors (4096K)
 Metaspace       used 50367K, committed 52032K, reserved 1114112K
  class space    used 7185K, committed 8000K, reserved 1048576K
}
Event: 5379.715 GC heap after
{Heap after GC invocations=24 (full 0):
 garbage-first heap   total 104448K, used 45111K [0x00000000a0000000, 0x0000000100000000)
  region size 1024K, 3 young (3072K), 3 survivors (3072K)
 Metaspace       used 50367K, committed 52032K, reserved 1114112K
  class space    used 7185K, committed 8000K, reserved 1048576K
}
Event: 5839.994 GC heap before
{Heap before GC invocations=24 (full 0):
 garbage-first heap   total 104448K, used 97335K [0x00000000a0000000, 0x0000000100000000)
  region size 1024K, 54 young (55296K), 3 survivors (3072K)
 Metaspace       used 50373K, committed 52032K, reserved 1114112K
  class space    used 7185K, committed 8000K, reserved 1048576K
}
Event: 5840.058 GC heap after
{Heap after GC invocations=25 (full 0):
 garbage-first heap   total 104448K, used 44945K [0x00000000a0000000, 0x0000000100000000)
  region size 1024K, 3 young (3072K), 3 survivors (3072K)
 Metaspace       used 50373K, committed 52032K, reserved 1114112K
  class space    used 7185K, committed 8000K, reserved 1048576K
}
Event: 6291.833 GC heap before
{Heap before GC invocations=25 (full 0):
 garbage-first heap   total 104448K, used 97169K [0x00000000a0000000, 0x0000000100000000)
  region size 1024K, 54 young (55296K), 3 survivors (3072K)
 Metaspace       used 50373K, committed 52032K, reserved 1114112K
  class space    used 7185K, committed 8000K, reserved 1048576K
}
Event: 6291.882 GC heap after
{Heap after GC invocations=26 (full 0):
 garbage-first heap   total 104448K, used 44993K [0x00000000a0000000, 0x0000000100000000)
  region size 1024K, 3 young (3072K), 3 survivors (3072K)
 Metaspace       used 50373K, committed 52032K, reserved 1114112K
  class space    used 7185K, committed 8000K, reserved 1048576K
}
Event: 6305.180 GC heap before
{Heap before GC invocations=26 (full 0):
 garbage-first heap   total 104448K, used 55233K [0x00000000a0000000, 0x0000000100000000)
  region size 1024K, 11 young (11264K), 3 survivors (3072K)
 Metaspace       used 50390K, committed 52032K, reserved 1114112K
  class space    used 7186K, committed 8000K, reserved 1048576K
}
Event: 6305.241 GC heap after
{Heap after GC invocations=27 (full 0):
 garbage-first heap   total 104448K, used 53294K [0x00000000a0000000, 0x0000000100000000)
  region size 1024K, 7 young (7168K), 7 survivors (7168K)
 Metaspace       used 50390K, committed 52032K, reserved 1114112K
  class space    used 7186K, committed 8000K, reserved 1048576K
}

