# JRE version: OpenJDK Runtime Environment Temurin-21.0.12.1+1 (21.0.12.1+1) (build 21.0.12.1+1-LTS)
# Java VM: OpenJDK 64-Bit Server VM Temurin-21.0.12.1+1 (21.0.12.1+1-LTS, mixed mode, sharing, tiered, compressed oops, compressed class ptrs, g1 gc, windows-amd64)
GC Precious Log:
 CardTable entry size: 512
 Card Set container configuration: InlinePtr #cards 5 size 8 Array Of Cards #cards 12 size 40 Howl #buckets 4 coarsen threshold 1843 Howl Bitmap #cards 512 size 80 coarsen threshold 460 Card regions per heap region 1 cards per card region 2048
 CPUs: 8 total, 8 available
 Memory: 32615M
 Large Page Support: Disabled
 NUMA Support: Disabled
 Compressed Oops: Enabled (32-bit)
 Heap Region Size: 1M
 Heap Min Capacity: 8M
 Heap Initial Capacity: 510M
 Heap Max Capacity: 1536M
 Pre-touch: Disabled
 Parallel Workers: 8
 Concurrent Workers: 2
 Concurrent Refinement Workers: 8
 Periodic GC: Disabled
Heap:
 garbage-first heap   total 97280K, used 67478K [0x00000000a0000000, 0x0000000100000000)
  region size 1024K, 38 young (38912K), 3 survivors (3072K)
 Metaspace       used 37207K, committed 38592K, reserved 1114112K
  class space    used 5388K, committed 6080K, reserved 1048576K
GC Heap History (20 events):
Event: 86.332 GC heap before
{Heap before GC invocations=6 (full 0):
 garbage-first heap   total 97280K, used 69144K [0x00000000a0000000, 0x0000000100000000)
  region size 1024K, 57 young (58368K), 15 survivors (15360K)
 Metaspace       used 35222K, committed 36416K, reserved 1114112K
  class space    used 5108K, committed 5696K, reserved 1048576K
}
Event: 86.350 GC heap after
{Heap after GC invocations=7 (full 0):
 garbage-first heap   total 97280K, used 31678K [0x00000000a0000000, 0x0000000100000000)
  region size 1024K, 8 young (8192K), 8 survivors (8192K)
 Metaspace       used 35222K, committed 36416K, reserved 1114112K
  class space    used 5108K, committed 5696K, reserved 1048576K
}
Event: 86.831 GC heap before
{Heap before GC invocations=7 (full 0):
 garbage-first heap   total 97280K, used 52158K [0x00000000a0000000, 0x0000000100000000)
  region size 1024K, 29 young (29696K), 8 survivors (8192K)
 Metaspace       used 35846K, committed 37056K, reserved 1114112K
  class space    used 5184K, committed 5760K, reserved 1048576K
}
Event: 86.843 GC heap after
{Heap after GC invocations=8 (full 0):
 garbage-first heap   total 97280K, used 32575K [0x00000000a0000000, 0x0000000100000000)
  region size 1024K, 6 young (6144K), 6 survivors (6144K)
 Metaspace       used 35846K, committed 37056K, reserved 1114112K
  class space    used 5184K, committed 5760K, reserved 1048576K
}
Event: 497.424 GC heap before
{Heap before GC invocations=9 (full 0):
 garbage-first heap   total 97280K, used 81727K [0x00000000a0000000, 0x0000000100000000)
  region size 1024K, 55 young (56320K), 6 survivors (6144K)
 Metaspace       used 36734K, committed 38080K, reserved 1114112K
  class space    used 5335K, committed 6016K, reserved 1048576K
}
Event: 497.567 GC heap after
{Heap after GC invocations=10 (full 0):
 garbage-first heap   total 97280K, used 32682K [0x00000000a0000000, 0x0000000100000000)
  region size 1024K, 3 young (3072K), 3 survivors (3072K)
 Metaspace       used 36734K, committed 38080K, reserved 1114112K
  class space    used 5335K, committed 6016K, reserved 1048576K
}
Event: 955.721 GC heap before
{Heap before GC invocations=10 (full 0):
 garbage-first heap   total 97280K, used 83882K [0x00000000a0000000, 0x0000000100000000)
  region size 1024K, 54 young (55296K), 3 survivors (3072K)
 Metaspace       used 36774K, committed 38144K, reserved 1114112K
  class space    used 5335K, committed 6016K, reserved 1048576K
}
Event: 955.817 GC heap after
{Heap after GC invocations=11 (full 0):
 garbage-first heap   total 97280K, used 32632K [0x00000000a0000000, 0x0000000100000000)
  region size 1024K, 3 young (3072K), 3 survivors (3072K)
 Metaspace       used 36774K, committed 38144K, reserved 1114112K
  class space    used 5335K, committed 6016K, reserved 1048576K
}
Event: 1437.296 GC heap before
{Heap before GC invocations=11 (full 0):
 garbage-first heap   total 97280K, used 85880K [0x00000000a0000000, 0x0000000100000000)
  region size 1024K, 55 young (56320K), 3 survivors (3072K)
 Metaspace       used 36851K, committed 38208K, reserved 1114112K
  class space    used 5335K, committed 6016K, reserved 1048576K
}
Event: 1437.324 GC heap after
{Heap after GC invocations=12 (full 0):
 garbage-first heap   total 97280K, used 32486K [0x00000000a0000000, 0x0000000100000000)
  region size 1024K, 3 young (3072K), 3 survivors (3072K)
 Metaspace       used 36851K, committed 38208K, reserved 1114112K
  class space    used 5335K, committed 6016K, reserved 1048576K
}
Event: 1947.068 GC heap before
{Heap before GC invocations=12 (full 0):
 garbage-first heap   total 97280K, used 87782K [0x00000000a0000000, 0x0000000100000000)
  region size 1024K, 57 young (58368K), 3 survivors (3072K)
 Metaspace       used 36881K, committed 38208K, reserved 1114112K
  class space    used 5335K, committed 6016K, reserved 1048576K
}
Event: 1947.100 GC heap after
{Heap after GC invocations=13 (full 0):
 garbage-first heap   total 97280K, used 32431K [0x00000000a0000000, 0x0000000100000000)
  region size 1024K, 2 young (2048K), 2 survivors (2048K)
 Metaspace       used 36881K, committed 38208K, reserved 1114112K
  class space    used 5335K, committed 6016K, reserved 1048576K
}
Event: 2409.033 GC heap before
{Heap before GC invocations=13 (full 0):
 garbage-first heap   total 97280K, used 88751K [0x00000000a0000000, 0x0000000100000000)
  region size 1024K, 57 young (58368K), 2 survivors (2048K)
 Metaspace       used 36892K, committed 38208K, reserved 1114112K
  class space    used 5335K, committed 6016K, reserved 1048576K
}
Event: 2409.079 GC heap after
{Heap after GC invocations=14 (full 0):
 garbage-first heap   total 97280K, used 32348K [0x00000000a0000000, 0x0000000100000000)
  region size 1024K, 2 young (2048K), 2 survivors (2048K)
 Metaspace       used 36892K, committed 38208K, reserved 1114112K
  class space    used 5335K, committed 6016K, reserved 1048576K
}
Event: 2927.548 GC heap before
{Heap before GC invocations=14 (full 0):
 garbage-first heap   total 97280K, used 88668K [0x00000000a0000000, 0x0000000100000000)
  region size 1024K, 57 young (58368K), 2 survivors (2048K)
 Metaspace       used 36929K, committed 38272K, reserved 1114112K
  class space    used 5335K, committed 6016K, reserved 1048576K
}
Event: 2927.620 GC heap after
{Heap after GC invocations=15 (full 0):
 garbage-first heap   total 97280K, used 32827K [0x00000000a0000000, 0x0000000100000000)
  region size 1024K, 3 young (3072K), 3 survivors (3072K)
 Metaspace       used 36929K, committed 38272K, reserved 1114112K
  class space    used 5335K, committed 6016K, reserved 1048576K
}
Event: 3436.045 GC heap before
{Heap before GC invocations=15 (full 0):
 garbage-first heap   total 97280K, used 87099K [0x00000000a0000000, 0x0000000100000000)
  region size 1024K, 57 young (58368K), 3 survivors (3072K)
 Metaspace       used 36933K, committed 38272K, reserved 1114112K
  class space    used 5335K, committed 6016K, reserved 1048576K
}
Event: 3436.078 GC heap after
{Heap after GC invocations=16 (full 0):
 garbage-first heap   total 97280K, used 32431K [0x00000000a0000000, 0x0000000100000000)
  region size 1024K, 2 young (2048K), 2 survivors (2048K)
 Metaspace       used 36933K, committed 38272K, reserved 1114112K
  class space    used 5335K, committed 6016K, reserved 1048576K
}
Event: 3905.670 GC heap before
{Heap before GC invocations=16 (full 0):
 garbage-first heap   total 97280K, used 87727K [0x00000000a0000000, 0x0000000100000000)
  region size 1024K, 57 young (58368K), 2 survivors (2048K)
 Metaspace       used 37200K, committed 38592K, reserved 1114112K
  class space    used 5387K, committed 6080K, reserved 1048576K
}
Event: 3905.705 GC heap after
{Heap after GC invocations=17 (full 0):
 garbage-first heap   total 97280K, used 32662K [0x00000000a0000000, 0x0000000100000000)
  region size 1024K, 3 young (3072K), 3 survivors (3072K)
 Metaspace       used 37200K, committed 38592K, reserved 1114112K
  class space    used 5387K, committed 6080K, reserved 1048576K
}

