# JRE version: OpenJDK Runtime Environment Temurin-21.0.12.1+1 (21.0.12.1+1) (build 21.0.12.1+1-LTS)
# Java VM: OpenJDK 64-Bit Server VM Temurin-21.0.12.1+1 (21.0.12.1+1-LTS, mixed mode, sharing, tiered, compressed oops, compressed class ptrs, g1 gc, windows-amd64)
GC Precious Log:
 CardTable entry size: 512
 Card Set container configuration: InlinePtr #cards 5 size 8 Array Of Cards #cards 12 size 40 Howl #buckets 4 coarsen threshold 1843 Howl Bitmap #cards 512 size 80 coarsen threshold 460 Card regions per heap region 1 cards per card region 2048
 CPUs: 8 total, 8 available
 Memory: 32615M
 Large Page Support: Disabled
 NUMA Support: Disabled
 Compressed Oops: Enabled (32-bit)
 Heap Region Size: 1M
 Heap Min Capacity: 8M
 Heap Initial Capacity: 510M
 Heap Max Capacity: 1536M
 Pre-touch: Disabled
 Parallel Workers: 8
 Concurrent Workers: 2
 Concurrent Refinement Workers: 8
 Periodic GC: Disabled
Heap:
 garbage-first heap   total 98304K, used 83992K [0x00000000a0000000, 0x0000000100000000)
  region size 1024K, 51 young (52224K), 1 survivors (1024K)
 Metaspace       used 38177K, committed 39104K, reserved 1114112K
  class space    used 5364K, committed 5888K, reserved 1048576K
GC Heap History (20 events):
Event: 887.072 GC heap before
{Heap before GC invocations=7 (full 0):
 garbage-first heap   total 98304K, used 80912K [0x00000000a0000000, 0x0000000100000000)
  region size 1024K, 57 young (58368K), 5 survivors (5120K)
 Metaspace       used 31676K, committed 33024K, reserved 1114112K
  class space    used 4810K, committed 5504K, reserved 1048576K
}
Event: 887.103 GC heap after
{Heap after GC invocations=8 (full 0):
 garbage-first heap   total 98304K, used 28231K [0x00000000a0000000, 0x0000000100000000)
  region size 1024K, 5 young (5120K), 5 survivors (5120K)
 Metaspace       used 31676K, committed 33024K, reserved 1114112K
  class space    used 4810K, committed 5504K, reserved 1048576K
}
Event: 1368.331 GC heap before
{Heap before GC invocations=8 (full 0):
 garbage-first heap   total 98304K, used 81479K [0x00000000a0000000, 0x0000000100000000)
  region size 1024K, 57 young (58368K), 5 survivors (5120K)
 Metaspace       used 31702K, committed 33088K, reserved 1114112K
  class space    used 4810K, committed 5504K, reserved 1048576K
}
Event: 1368.424 GC heap after
{Heap after GC invocations=9 (full 0):
 garbage-first heap   total 98304K, used 28279K [0x00000000a0000000, 0x0000000100000000)
  region size 1024K, 3 young (3072K), 3 survivors (3072K)
 Metaspace       used 31702K, committed 33088K, reserved 1114112K
  class space    used 4810K, committed 5504K, reserved 1048576K
}
Event: 1857.051 GC heap before
{Heap before GC invocations=9 (full 0):
 garbage-first heap   total 98304K, used 82551K [0x00000000a0000000, 0x0000000100000000)
  region size 1024K, 57 young (58368K), 3 survivors (3072K)
 Metaspace       used 31742K, committed 33088K, reserved 1114112K
  class space    used 4810K, committed 5504K, reserved 1048576K
}
Event: 1857.117 GC heap after
{Heap after GC invocations=10 (full 0):
 garbage-first heap   total 98304K, used 28421K [0x00000000a0000000, 0x0000000100000000)
  region size 1024K, 3 young (3072K), 3 survivors (3072K)
 Metaspace       used 31742K, committed 33088K, reserved 1114112K
  class space    used 4810K, committed 5504K, reserved 1048576K
}
Event: 2357.452 GC heap before
{Heap before GC invocations=10 (full 0):
 garbage-first heap   total 98304K, used 83717K [0x00000000a0000000, 0x0000000100000000)
  region size 1024K, 57 young (58368K), 3 survivors (3072K)
 Metaspace       used 31770K, committed 33152K, reserved 1114112K
  class space    used 4810K, committed 5504K, reserved 1048576K
}
Event: 2357.500 GC heap after
{Heap after GC invocations=11 (full 0):
 garbage-first heap   total 98304K, used 28155K [0x00000000a0000000, 0x0000000100000000)
  region size 1024K, 2 young (2048K), 2 survivors (2048K)
 Metaspace       used 31770K, committed 33152K, reserved 1114112K
  class space    used 4810K, committed 5504K, reserved 1048576K
}
Event: 2874.379 GC heap before
{Heap before GC invocations=11 (full 0):
 garbage-first heap   total 98304K, used 84475K [0x00000000a0000000, 0x0000000100000000)
  region size 1024K, 57 young (58368K), 2 survivors (2048K)
 Metaspace       used 31809K, committed 33152K, reserved 1114112K
  class space    used 4810K, committed 5504K, reserved 1048576K
}
Event: 2874.415 GC heap after
{Heap after GC invocations=12 (full 0):
 garbage-first heap   total 98304K, used 27938K [0x00000000a0000000, 0x0000000100000000)
  region size 1024K, 2 young (2048K), 2 survivors (2048K)
 Metaspace       used 31809K, committed 33152K, reserved 1114112K
  class space    used 4810K, committed 5504K, reserved 1048576K
}
Event: 3079.786 GC heap before
{Heap before GC invocations=12 (full 0):
 garbage-first heap   total 98304K, used 65826K [0x00000000a0000000, 0x0000000100000000)
  region size 1024K, 41 young (41984K), 2 survivors (2048K)
 Metaspace       used 34877K, committed 36160K, reserved 1114112K
  class space    used 5172K, committed 5824K, reserved 1048576K
}
Event: 3079.806 GC heap after
{Heap after GC invocations=13 (full 0):
 garbage-first heap   total 98304K, used 29471K [0x00000000a0000000, 0x0000000100000000)
  region size 1024K, 4 young (4096K), 4 survivors (4096K)
 Metaspace       used 34877K, committed 36160K, reserved 1114112K
  class space    used 5172K, committed 5824K, reserved 1048576K
}
Event: 3152.450 GC heap before
{Heap before GC invocations=14 (full 0):
 garbage-first heap   total 98304K, used 87839K [0x00000000a0000000, 0x0000000100000000)
  region size 1024K, 57 young (58368K), 4 survivors (4096K)
 Metaspace       used 38099K, committed 39040K, reserved 1114112K
  class space    used 5354K, committed 5888K, reserved 1048576K
}
Event: 3152.533 GC heap after
{Heap after GC invocations=15 (full 0):
 garbage-first heap   total 98304K, used 34776K [0x00000000a0000000, 0x0000000100000000)
  region size 1024K, 8 young (8192K), 8 survivors (8192K)
 Metaspace       used 38099K, committed 39040K, reserved 1114112K
  class space    used 5354K, committed 5888K, reserved 1048576K
}
Event: 3638.803 GC heap before
{Heap before GC invocations=15 (full 0):
 garbage-first heap   total 98304K, used 84952K [0x00000000a0000000, 0x0000000100000000)
  region size 1024K, 57 young (58368K), 8 survivors (8192K)
 Metaspace       used 38100K, committed 39040K, reserved 1114112K
  class space    used 5354K, committed 5888K, reserved 1048576K
}
Event: 3638.944 GC heap after
{Heap after GC invocations=16 (full 0):
 garbage-first heap   total 98304K, used 34385K [0x00000000a0000000, 0x0000000100000000)
  region size 1024K, 1 young (1024K), 1 survivors (1024K)
 Metaspace       used 38100K, committed 39040K, reserved 1114112K
  class space    used 5354K, committed 5888K, reserved 1048576K
}
Event: 4123.443 GC heap before
{Heap before GC invocations=16 (full 0):
 garbage-first heap   total 98304K, used 89681K [0x00000000a0000000, 0x0000000100000000)
  region size 1024K, 55 young (56320K), 1 survivors (1024K)
 Metaspace       used 38108K, committed 39040K, reserved 1114112K
  class space    used 5354K, committed 5888K, reserved 1048576K
}
Event: 4123.460 GC heap after
{Heap after GC invocations=17 (full 0):
 garbage-first heap   total 98304K, used 34072K [0x00000000a0000000, 0x0000000100000000)
  region size 1024K, 1 young (1024K), 1 survivors (1024K)
 Metaspace       used 38108K, committed 39040K, reserved 1114112K
  class space    used 5354K, committed 5888K, reserved 1048576K
}
Event: 4591.443 GC heap before
{Heap before GC invocations=17 (full 0):
 garbage-first heap   total 98304K, used 90392K [0x00000000a0000000, 0x0000000100000000)
  region size 1024K, 56 young (57344K), 1 survivors (1024K)
 Metaspace       used 38167K, committed 39104K, reserved 1114112K
  class space    used 5364K, committed 5888K, reserved 1048576K
}
Event: 4591.463 GC heap after
{Heap after GC invocations=18 (full 0):
 garbage-first heap   total 98304K, used 33816K [0x00000000a0000000, 0x0000000100000000)
  region size 1024K, 1 young (1024K), 1 survivors (1024K)
 Metaspace       used 38167K, committed 39104K, reserved 1114112K
  class space    used 5364K, committed 5888K, reserved 1048576K
}

