# JRE version: OpenJDK Runtime Environment Temurin-21.0.12.1+1 (21.0.12.1+1) (build 21.0.12.1+1-LTS)
# Java VM: OpenJDK 64-Bit Server VM Temurin-21.0.12.1+1 (21.0.12.1+1-LTS, mixed mode, sharing, tiered, compressed oops, compressed class ptrs, g1 gc, windows-amd64)
GC Precious Log:
 CardTable entry size: 512
 Card Set container configuration: InlinePtr #cards 5 size 8 Array Of Cards #cards 12 size 40 Howl #buckets 4 coarsen threshold 1843 Howl Bitmap #cards 512 size 80 coarsen threshold 460 Card regions per heap region 1 cards per card region 2048
 CPUs: 8 total, 8 available
 Memory: 32615M
 Large Page Support: Disabled
 NUMA Support: Disabled
 Compressed Oops: Enabled (32-bit)
 Heap Region Size: 1M
 Heap Min Capacity: 8M
 Heap Initial Capacity: 510M
 Heap Max Capacity: 1536M
 Pre-touch: Disabled
 Parallel Workers: 8
 Concurrent Workers: 2
 Concurrent Refinement Workers: 8
 Periodic GC: Disabled
Heap:
 garbage-first heap   total 102400K, used 100772K [0x00000000a0000000, 0x0000000100000000)
  region size 1024K, 49 young (50176K), 1 survivors (1024K)
 Metaspace       used 49143K, committed 52288K, reserved 1114112K
  class space    used 6858K, committed 8064K, reserved 1048576K
GC Heap History (20 events):
Event: 4501.854 GC heap after
{Heap after GC invocations=22 (full 0):
 garbage-first heap   total 102400K, used 46049K [0x00000000a0000000, 0x0000000100000000)
  region size 1024K, 3 young (3072K), 3 survivors (3072K)
 Metaspace       used 50427K, committed 52160K, reserved 1114112K
  class space    used 7199K, committed 8064K, reserved 1048576K
}
Event: 4965.684 GC heap before
{Heap before GC invocations=22 (full 0):
 garbage-first heap   total 102400K, used 95201K [0x00000000a0000000, 0x0000000100000000)
  region size 1024K, 52 young (53248K), 3 survivors (3072K)
 Metaspace       used 50427K, committed 52160K, reserved 1114112K
  class space    used 7199K, committed 8064K, reserved 1048576K
}
Event: 4965.794 GC heap after
{Heap after GC invocations=23 (full 0):
 garbage-first heap   total 102400K, used 46281K [0x00000000a0000000, 0x0000000100000000)
  region size 1024K, 3 young (3072K), 3 survivors (3072K)
 Metaspace       used 50427K, committed 52160K, reserved 1114112K
  class space    used 7199K, committed 8064K, reserved 1048576K
}
Event: 5421.912 GC heap before
{Heap before GC invocations=23 (full 0):
 garbage-first heap   total 102400K, used 96457K [0x00000000a0000000, 0x0000000100000000)
  region size 1024K, 52 young (53248K), 3 survivors (3072K)
 Metaspace       used 50431K, committed 52160K, reserved 1114112K
  class space    used 7199K, committed 8064K, reserved 1048576K
}
Event: 5421.976 GC heap after
{Heap after GC invocations=24 (full 0):
 garbage-first heap   total 102400K, used 46406K [0x00000000a0000000, 0x0000000100000000)
  region size 1024K, 3 young (3072K), 3 survivors (3072K)
 Metaspace       used 50431K, committed 52160K, reserved 1114112K
  class space    used 7199K, committed 8064K, reserved 1048576K
}
Event: 5871.919 GC heap before
{Heap before GC invocations=24 (full 0):
 garbage-first heap   total 102400K, used 95558K [0x00000000a0000000, 0x0000000100000000)
  region size 1024K, 52 young (53248K), 3 survivors (3072K)
 Metaspace       used 50435K, committed 52160K, reserved 1114112K
  class space    used 7199K, committed 8064K, reserved 1048576K
}
Event: 5871.984 GC heap after
{Heap after GC invocations=25 (full 0):
 garbage-first heap   total 102400K, used 46202K [0x00000000a0000000, 0x0000000100000000)
  region size 1024K, 3 young (3072K), 3 survivors (3072K)
 Metaspace       used 50435K, committed 52160K, reserved 1114112K
  class space    used 7199K, committed 8064K, reserved 1048576K
}
Event: 6332.776 GC heap before
{Heap before GC invocations=25 (full 0):
 garbage-first heap   total 102400K, used 96378K [0x00000000a0000000, 0x0000000100000000)
  region size 1024K, 52 young (53248K), 3 survivors (3072K)
 Metaspace       used 50439K, committed 52160K, reserved 1114112K
  class space    used 7199K, committed 8064K, reserved 1048576K
}
Event: 6332.823 GC heap after
{Heap after GC invocations=26 (full 0):
 garbage-first heap   total 102400K, used 46201K [0x00000000a0000000, 0x0000000100000000)
  region size 1024K, 3 young (3072K), 3 survivors (3072K)
 Metaspace       used 50439K, committed 52160K, reserved 1114112K
  class space    used 7199K, committed 8064K, reserved 1048576K
}
Event: 6761.920 GC heap before
{Heap before GC invocations=26 (full 0):
 garbage-first heap   total 102400K, used 96377K [0x00000000a0000000, 0x0000000100000000)
  region size 1024K, 52 young (53248K), 3 survivors (3072K)
 Metaspace       used 50439K, committed 52160K, reserved 1114112K
  class space    used 7199K, committed 8064K, reserved 1048576K
}
Event: 6761.985 GC heap after
{Heap after GC invocations=27 (full 0):
 garbage-first heap   total 102400K, used 46421K [0x00000000a0000000, 0x0000000100000000)
  region size 1024K, 3 young (3072K), 3 survivors (3072K)
 Metaspace       used 50439K, committed 52160K, reserved 1114112K
  class space    used 7199K, committed 8064K, reserved 1048576K
}
Event: 7231.874 GC heap before
{Heap before GC invocations=27 (full 0):
 garbage-first heap   total 102400K, used 95573K [0x00000000a0000000, 0x0000000100000000)
  region size 1024K, 52 young (53248K), 3 survivors (3072K)
 Metaspace       used 50439K, committed 52160K, reserved 1114112K
  class space    used 7199K, committed 8064K, reserved 1048576K
}
Event: 7231.951 GC heap after
{Heap after GC invocations=28 (full 0):
 garbage-first heap   total 102400K, used 46218K [0x00000000a0000000, 0x0000000100000000)
  region size 1024K, 3 young (3072K), 3 survivors (3072K)
 Metaspace       used 50439K, committed 52160K, reserved 1114112K
  class space    used 7199K, committed 8064K, reserved 1048576K
}
Event: 7687.204 GC heap before
{Heap before GC invocations=28 (full 0):
 garbage-first heap   total 102400K, used 96394K [0x00000000a0000000, 0x0000000100000000)
  region size 1024K, 52 young (53248K), 3 survivors (3072K)
 Metaspace       used 50447K, committed 52160K, reserved 1114112K
  class space    used 7199K, committed 8064K, reserved 1048576K
}
Event: 7687.246 GC heap after
{Heap after GC invocations=29 (full 0):
 garbage-first heap   total 102400K, used 46421K [0x00000000a0000000, 0x0000000100000000)
  region size 1024K, 3 young (3072K), 3 survivors (3072K)
 Metaspace       used 50447K, committed 52160K, reserved 1114112K
  class space    used 7199K, committed 8064K, reserved 1048576K
}
Event: 8122.044 GC heap before
{Heap before GC invocations=29 (full 0):
 garbage-first heap   total 102400K, used 96597K [0x00000000a0000000, 0x0000000100000000)
  region size 1024K, 52 young (53248K), 3 survivors (3072K)
 Metaspace       used 50447K, committed 52160K, reserved 1114112K
  class space    used 7199K, committed 8064K, reserved 1048576K
}
Event: 8122.103 GC heap after
{Heap after GC invocations=30 (full 0):
 garbage-first heap   total 102400K, used 46223K [0x00000000a0000000, 0x0000000100000000)
  region size 1024K, 2 young (2048K), 2 survivors (2048K)
 Metaspace       used 50447K, committed 52160K, reserved 1114112K
  class space    used 7199K, committed 8064K, reserved 1048576K
}
Event: 8390.399 GC heap before
{Heap before GC invocations=30 (full 0):
 garbage-first heap   total 102400K, used 78991K [0x00000000a0000000, 0x0000000100000000)
  region size 1024K, 35 young (35840K), 2 survivors (2048K)
 Metaspace       used 50456K, committed 52224K, reserved 1114112K
  class space    used 7200K, committed 8064K, reserved 1048576K
}
Event: 8390.533 GC heap after
{Heap after GC invocations=31 (full 0):
 garbage-first heap   total 102400K, used 47524K [0x00000000a0000000, 0x0000000100000000)
  region size 1024K, 1 young (1024K), 1 survivors (1024K)
 Metaspace       used 50456K, committed 52224K, reserved 1114112K
  class space    used 7200K, committed 8064K, reserved 1048576K
}
Event: 17800.478 GC heap before
{Heap before GC invocations=32 (full 0):
 garbage-first heap   total 102400K, used 99748K [0x00000000a0000000, 0x0000000100000000)
  region size 1024K, 49 young (50176K), 1 survivors (1024K)
 Metaspace       used 49143K, committed 52288K, reserved 1114112K
  class space    used 6858K, committed 8064K, reserved 1048576K
}

