# JRE version: OpenJDK Runtime Environment Temurin-21.0.12.1+1 (21.0.12.1+1) (build 21.0.12.1+1-LTS)
# Java VM: OpenJDK 64-Bit Server VM Temurin-21.0.12.1+1 (21.0.12.1+1-LTS, mixed mode, sharing, tiered, compressed oops, compressed class ptrs, g1 gc, windows-amd64)
GC Precious Log:
 CardTable entry size: 512
 Card Set container configuration: InlinePtr #cards 5 size 8 Array Of Cards #cards 12 size 40 Howl #buckets 4 coarsen threshold 1843 Howl Bitmap #cards 512 size 80 coarsen threshold 460 Card regions per heap region 1 cards per card region 2048
 CPUs: 8 total, 8 available
 Memory: 32615M
 Large Page Support: Disabled
 NUMA Support: Disabled
 Compressed Oops: Enabled (32-bit)
 Heap Region Size: 1M
 Heap Min Capacity: 8M
 Heap Initial Capacity: 510M
 Heap Max Capacity: 1536M
 Pre-touch: Disabled
 Parallel Workers: 8
 Concurrent Workers: 2
 Concurrent Refinement Workers: 8
 Periodic GC: Disabled
Heap:
 garbage-first heap   total 97280K, used 39679K [0x00000000a0000000, 0x0000000100000000)
  region size 1024K, 17 young (17408K), 4 survivors (4096K)
 Metaspace       used 30578K, committed 31872K, reserved 1114112K
  class space    used 4623K, committed 5248K, reserved 1048576K
GC Heap History (18 events):
Event: 111.348 GC heap before
{Heap before GC invocations=0 (full 0):
 garbage-first heap   total 522240K, used 25600K [0x00000000a0000000, 0x0000000100000000)
  region size 1024K, 25 young (25600K), 0 survivors (0K)
 Metaspace       used 1095K, committed 1216K, reserved 1114112K
  class space    used 81K, committed 128K, reserved 1048576K
}
Event: 112.640 GC heap after
{Heap after GC invocations=1 (full 0):
 garbage-first heap   total 522240K, used 3944K [0x00000000a0000000, 0x0000000100000000)
  region size 1024K, 4 young (4096K), 4 survivors (4096K)
 Metaspace       used 1095K, committed 1216K, reserved 1114112K
  class space    used 81K, committed 128K, reserved 1048576K
}
Event: 236.638 GC heap before
{Heap before GC invocations=1 (full 0):
 garbage-first heap   total 522240K, used 40808K [0x00000000a0000000, 0x0000000100000000)
  region size 1024K, 38 young (38912K), 4 survivors (4096K)
 Metaspace       used 4400K, committed 4544K, reserved 1114112K
  class space    used 551K, committed 640K, reserved 1048576K
}
Event: 236.649 GC heap after
{Heap after GC invocations=2 (full 0):
 garbage-first heap   total 522240K, used 10836K [0x00000000a0000000, 0x0000000100000000)
  region size 1024K, 5 young (5120K), 5 survivors (5120K)
 Metaspace       used 4400K, committed 4544K, reserved 1114112K
  class space    used 551K, committed 640K, reserved 1048576K
}
Event: 562.002 GC heap before
{Heap before GC invocations=2 (full 0):
 garbage-first heap   total 522240K, used 61012K [0x00000000a0000000, 0x0000000100000000)
  region size 1024K, 52 young (53248K), 5 survivors (5120K)
 Metaspace       used 5720K, committed 6016K, reserved 1114112K
  class space    used 763K, committed 896K, reserved 1048576K
}
Event: 562.021 GC heap after
{Heap after GC invocations=3 (full 0):
 garbage-first heap   total 522240K, used 16768K [0x00000000a0000000, 0x0000000100000000)
  region size 1024K, 6 young (6144K), 6 survivors (6144K)
 Metaspace       used 5720K, committed 6016K, reserved 1114112K
  class space    used 763K, committed 896K, reserved 1048576K
}
Event: 896.619 GC heap before
{Heap before GC invocations=3 (full 0):
 garbage-first heap   total 522240K, used 120192K [0x00000000a0000000, 0x0000000100000000)
  region size 1024K, 108 young (110592K), 6 survivors (6144K)
 Metaspace       used 20839K, committed 21504K, reserved 1114112K
  class space    used 3019K, committed 3328K, reserved 1048576K
}
Event: 896.664 GC heap after
{Heap after GC invocations=4 (full 0):
 garbage-first heap   total 522240K, used 23839K [0x00000000a0000000, 0x0000000100000000)
  region size 1024K, 12 young (12288K), 12 survivors (12288K)
 Metaspace       used 20839K, committed 21504K, reserved 1114112K
  class space    used 3019K, committed 3328K, reserved 1048576K
}
Event: 907.381 GC heap before
{Heap before GC invocations=5 (full 0):
 garbage-first heap   total 81920K, used 80159K [0x00000000a0000000, 0x0000000100000000)
  region size 1024K, 68 young (69632K), 12 survivors (12288K)
 Metaspace       used 27525K, committed 28608K, reserved 1114112K
  class space    used 4145K, committed 4672K, reserved 1048576K
}
Event: 907.403 GC heap after
{Heap after GC invocations=6 (full 0):
 garbage-first heap   total 97280K, used 26651K [0x00000000a0000000, 0x0000000100000000)
  region size 1024K, 10 young (10240K), 10 survivors (10240K)
 Metaspace       used 27525K, committed 28608K, reserved 1114112K
  class space    used 4145K, committed 4672K, reserved 1048576K
}
Event: 1211.061 GC heap before
{Heap before GC invocations=6 (full 0):
 garbage-first heap   total 97280K, used 73755K [0x00000000a0000000, 0x0000000100000000)
  region size 1024K, 57 young (58368K), 10 survivors (10240K)
 Metaspace       used 30157K, committed 31360K, reserved 1114112K
  class space    used 4573K, committed 5184K, reserved 1048576K
}
Event: 1211.170 GC heap after
{Heap after GC invocations=7 (full 0):
 garbage-first heap   total 97280K, used 27860K [0x00000000a0000000, 0x0000000100000000)
  region size 1024K, 5 young (5120K), 5 survivors (5120K)
 Metaspace       used 30157K, committed 31360K, reserved 1114112K
  class space    used 4573K, committed 5184K, reserved 1048576K
}
Event: 1725.225 GC heap before
{Heap before GC invocations=7 (full 0):
 garbage-first heap   total 97280K, used 80084K [0x00000000a0000000, 0x0000000100000000)
  region size 1024K, 57 young (58368K), 5 survivors (5120K)
 Metaspace       used 30482K, committed 31744K, reserved 1114112K
  class space    used 4623K, committed 5248K, reserved 1048576K
}
Event: 1725.286 GC heap after
{Heap after GC invocations=8 (full 0):
 garbage-first heap   total 97280K, used 27410K [0x00000000a0000000, 0x0000000100000000)
  region size 1024K, 4 young (4096K), 4 survivors (4096K)
 Metaspace       used 30482K, committed 31744K, reserved 1114112K
  class space    used 4623K, committed 5248K, reserved 1048576K
}
Event: 2121.776 GC heap before
{Heap before GC invocations=8 (full 0):
 garbage-first heap   total 97280K, used 81682K [0x00000000a0000000, 0x0000000100000000)
  region size 1024K, 57 young (58368K), 4 survivors (4096K)
 Metaspace       used 30557K, committed 31808K, reserved 1114112K
  class space    used 4623K, committed 5248K, reserved 1048576K
}
Event: 2121.829 GC heap after
{Heap after GC invocations=9 (full 0):
 garbage-first heap   total 97280K, used 27217K [0x00000000a0000000, 0x0000000100000000)
  region size 1024K, 4 young (4096K), 4 survivors (4096K)
 Metaspace       used 30557K, committed 31808K, reserved 1114112K
  class space    used 4623K, committed 5248K, reserved 1048576K
}
Event: 2587.804 GC heap before
{Heap before GC invocations=9 (full 0):
 garbage-first heap   total 97280K, used 81489K [0x00000000a0000000, 0x0000000100000000)
  region size 1024K, 57 young (58368K), 4 survivors (4096K)
 Metaspace       used 30577K, committed 31872K, reserved 1114112K
  class space    used 4623K, committed 5248K, reserved 1048576K
}
Event: 2587.843 GC heap after
{Heap after GC invocations=10 (full 0):
 garbage-first heap   total 97280K, used 27391K [0x00000000a0000000, 0x0000000100000000)
  region size 1024K, 4 young (4096K), 4 survivors (4096K)
 Metaspace       used 30577K, committed 31872K, reserved 1114112K
  class space    used 4623K, committed 5248K, reserved 1048576K
}

