# JRE version: OpenJDK Runtime Environment Temurin-21.0.12.1+1 (21.0.12.1+1) (build 21.0.12.1+1-LTS)
# Java VM: OpenJDK 64-Bit Server VM Temurin-21.0.12.1+1 (21.0.12.1+1-LTS, mixed mode, sharing, tiered, compressed oops, compressed class ptrs, g1 gc, windows-amd64)
GC Precious Log:
 CardTable entry size: 512
 Card Set container configuration: InlinePtr #cards 5 size 8 Array Of Cards #cards 12 size 40 Howl #buckets 4 coarsen threshold 1843 Howl Bitmap #cards 512 size 80 coarsen threshold 460 Card regions per heap region 1 cards per card region 2048
 CPUs: 8 total, 8 available
 Memory: 32615M
 Large Page Support: Disabled
 NUMA Support: Disabled
 Compressed Oops: Enabled (32-bit)
 Heap Region Size: 1M
 Heap Min Capacity: 8M
 Heap Initial Capacity: 510M
 Heap Max Capacity: 1536M
 Pre-touch: Disabled
 Parallel Workers: 8
 Concurrent Workers: 2
 Concurrent Refinement Workers: 8
 Periodic GC: Disabled
Heap:
 garbage-first heap   total 98304K, used 74782K [0x00000000a0000000, 0x0000000100000000)
  region size 1024K, 52 young (53248K), 5 survivors (5120K)
 Metaspace       used 30608K, committed 31872K, reserved 1114112K
  class space    used 4635K, committed 5248K, reserved 1048576K
GC Heap History (16 events):
Event: 35.378 GC heap before
{Heap before GC invocations=0 (full 0):
 garbage-first heap   total 522240K, used 25600K [0x00000000a0000000, 0x0000000100000000)
  region size 1024K, 25 young (25600K), 0 survivors (0K)
 Metaspace       used 1098K, committed 1216K, reserved 1114112K
  class space    used 81K, committed 128K, reserved 1048576K
}
Event: 36.623 GC heap after
{Heap after GC invocations=1 (full 0):
 garbage-first heap   total 522240K, used 4064K [0x00000000a0000000, 0x0000000100000000)
  region size 1024K, 4 young (4096K), 4 survivors (4096K)
 Metaspace       used 1098K, committed 1216K, reserved 1114112K
  class space    used 81K, committed 128K, reserved 1048576K
}
Event: 117.572 GC heap before
{Heap before GC invocations=1 (full 0):
 garbage-first heap   total 522240K, used 40928K [0x00000000a0000000, 0x0000000100000000)
  region size 1024K, 38 young (38912K), 4 survivors (4096K)
 Metaspace       used 4426K, committed 4608K, reserved 1114112K
  class space    used 549K, committed 640K, reserved 1048576K
}
Event: 117.580 GC heap after
{Heap after GC invocations=2 (full 0):
 garbage-first heap   total 522240K, used 10946K [0x00000000a0000000, 0x0000000100000000)
  region size 1024K, 4 young (4096K), 4 survivors (4096K)
 Metaspace       used 4426K, committed 4608K, reserved 1114112K
  class space    used 549K, committed 640K, reserved 1048576K
}
Event: 344.396 GC heap before
{Heap before GC invocations=2 (full 0):
 garbage-first heap   total 522240K, used 60098K [0x00000000a0000000, 0x0000000100000000)
  region size 1024K, 50 young (51200K), 4 survivors (4096K)
 Metaspace       used 5390K, committed 5568K, reserved 1114112K
  class space    used 715K, committed 832K, reserved 1048576K
}
Event: 344.419 GC heap after
{Heap after GC invocations=3 (full 0):
 garbage-first heap   total 522240K, used 16833K [0x00000000a0000000, 0x0000000100000000)
  region size 1024K, 5 young (5120K), 5 survivors (5120K)
 Metaspace       used 5390K, committed 5568K, reserved 1114112K
  class space    used 715K, committed 832K, reserved 1048576K
}
Event: 787.623 GC heap before
{Heap before GC invocations=3 (full 0):
 garbage-first heap   total 522240K, used 122305K [0x00000000a0000000, 0x0000000100000000)
  region size 1024K, 109 young (111616K), 5 survivors (5120K)
 Metaspace       used 20837K, committed 21504K, reserved 1114112K
  class space    used 2999K, committed 3328K, reserved 1048576K
}
Event: 787.677 GC heap after
{Heap after GC invocations=4 (full 0):
 garbage-first heap   total 522240K, used 24129K [0x00000000a0000000, 0x0000000100000000)
  region size 1024K, 12 young (12288K), 12 survivors (12288K)
 Metaspace       used 20837K, committed 21504K, reserved 1114112K
  class space    used 2999K, committed 3328K, reserved 1048576K
}
Event: 873.173 GC heap before
{Heap before GC invocations=5 (full 0):
 garbage-first heap   total 81920K, used 80449K [0x00000000a0000000, 0x0000000100000000)
  region size 1024K, 68 young (69632K), 12 survivors (12288K)
 Metaspace       used 26877K, committed 27904K, reserved 1114112K
  class space    used 4027K, committed 4544K, reserved 1048576K
}
Event: 873.205 GC heap after
{Heap after GC invocations=6 (full 0):
 garbage-first heap   total 98304K, used 27395K [0x00000000a0000000, 0x0000000100000000)
  region size 1024K, 16 young (16384K), 16 survivors (16384K)
 Metaspace       used 26877K, committed 27904K, reserved 1114112K
  class space    used 4027K, committed 4544K, reserved 1048576K
}
Event: 1063.133 GC heap before
{Heap before GC invocations=6 (full 0):
 garbage-first heap   total 98304K, used 69379K [0x00000000a0000000, 0x0000000100000000)
  region size 1024K, 57 young (58368K), 16 survivors (16384K)
 Metaspace       used 30218K, committed 31488K, reserved 1114112K
  class space    used 4583K, committed 5184K, reserved 1048576K
}
Event: 1063.186 GC heap after
{Heap after GC invocations=7 (full 0):
 garbage-first heap   total 98304K, used 27863K [0x00000000a0000000, 0x0000000100000000)
  region size 1024K, 5 young (5120K), 5 survivors (5120K)
 Metaspace       used 30218K, committed 31488K, reserved 1114112K
  class space    used 4583K, committed 5184K, reserved 1048576K
}
Event: 1573.797 GC heap before
{Heap before GC invocations=7 (full 0):
 garbage-first heap   total 98304K, used 81111K [0x00000000a0000000, 0x0000000100000000)
  region size 1024K, 57 young (58368K), 5 survivors (5120K)
 Metaspace       used 30238K, committed 31488K, reserved 1114112K
  class space    used 4583K, committed 5184K, reserved 1048576K
}
Event: 1573.881 GC heap after
{Heap after GC invocations=8 (full 0):
 garbage-first heap   total 98304K, used 27576K [0x00000000a0000000, 0x0000000100000000)
  region size 1024K, 4 young (4096K), 4 survivors (4096K)
 Metaspace       used 30238K, committed 31488K, reserved 1114112K
  class space    used 4583K, committed 5184K, reserved 1048576K
}
Event: 2018.142 GC heap before
{Heap before GC invocations=8 (full 0):
 garbage-first heap   total 98304K, used 81848K [0x00000000a0000000, 0x0000000100000000)
  region size 1024K, 57 young (58368K), 4 survivors (4096K)
 Metaspace       used 30607K, committed 31872K, reserved 1114112K
  class space    used 4635K, committed 5248K, reserved 1048576K
}
Event: 2018.186 GC heap after
{Heap after GC invocations=9 (full 0):
 garbage-first heap   total 98304K, used 27678K [0x00000000a0000000, 0x0000000100000000)
  region size 1024K, 5 young (5120K), 5 survivors (5120K)
 Metaspace       used 30607K, committed 31872K, reserved 1114112K
  class space    used 4635K, committed 5248K, reserved 1048576K
}

