# JRE version: OpenJDK Runtime Environment Temurin-21.0.12.1+1 (21.0.12.1+1) (build 21.0.12.1+1-LTS)
# Java VM: OpenJDK 64-Bit Server VM Temurin-21.0.12.1+1 (21.0.12.1+1-LTS, mixed mode, sharing, tiered, compressed oops, compressed class ptrs, g1 gc, windows-amd64)
GC Precious Log:
 CardTable entry size: 512
 Card Set container configuration: InlinePtr #cards 5 size 8 Array Of Cards #cards 12 size 40 Howl #buckets 4 coarsen threshold 1843 Howl Bitmap #cards 512 size 80 coarsen threshold 460 Card regions per heap region 1 cards per card region 2048
 CPUs: 8 total, 8 available
 Memory: 32615M
 Large Page Support: Disabled
 NUMA Support: Disabled
 Compressed Oops: Enabled (32-bit)
 Heap Region Size: 1M
 Heap Min Capacity: 8M
 Heap Initial Capacity: 510M
 Heap Max Capacity: 1536M
 Pre-touch: Disabled
 Parallel Workers: 8
 Concurrent Workers: 2
 Concurrent Refinement Workers: 8
 Periodic GC: Disabled
Heap:
 garbage-first heap   total 100352K, used 72348K [0x00000000a0000000, 0x0000000100000000)
  region size 1024K, 45 young (46080K), 4 survivors (4096K)
 Metaspace       used 36897K, committed 38272K, reserved 1114112K
  class space    used 5338K, committed 6016K, reserved 1048576K
GC Heap History (20 events):
Event: 52.722 GC heap before
{Heap before GC invocations=0 (full 0):
 garbage-first heap   total 522240K, used 25600K [0x00000000a0000000, 0x0000000100000000)
  region size 1024K, 25 young (25600K), 0 survivors (0K)
 Metaspace       used 1100K, committed 1216K, reserved 1114112K
  class space    used 81K, committed 128K, reserved 1048576K
}
Event: 55.412 GC heap after
{Heap after GC invocations=1 (full 0):
 garbage-first heap   total 522240K, used 4096K [0x00000000a0000000, 0x0000000100000000)
  region size 1024K, 4 young (4096K), 4 survivors (4096K)
 Metaspace       used 1100K, committed 1216K, reserved 1114112K
  class space    used 81K, committed 128K, reserved 1048576K
}
Event: 162.355 GC heap before
{Heap before GC invocations=1 (full 0):
 garbage-first heap   total 522240K, used 40960K [0x00000000a0000000, 0x0000000100000000)
  region size 1024K, 38 young (38912K), 4 survivors (4096K)
 Metaspace       used 4395K, committed 4544K, reserved 1114112K
  class space    used 552K, committed 640K, reserved 1048576K
}
Event: 162.363 GC heap after
{Heap after GC invocations=2 (full 0):
 garbage-first heap   total 522240K, used 10800K [0x00000000a0000000, 0x0000000100000000)
  region size 1024K, 4 young (4096K), 4 survivors (4096K)
 Metaspace       used 4395K, committed 4544K, reserved 1114112K
  class space    used 552K, committed 640K, reserved 1048576K
}
Event: 346.218 GC heap before
{Heap before GC invocations=2 (full 0):
 garbage-first heap   total 522240K, used 59952K [0x00000000a0000000, 0x0000000100000000)
  region size 1024K, 50 young (51200K), 4 survivors (4096K)
 Metaspace       used 5408K, committed 5696K, reserved 1114112K
  class space    used 717K, committed 832K, reserved 1048576K
}
Event: 346.230 GC heap after
{Heap after GC invocations=3 (full 0):
 garbage-first heap   total 522240K, used 16225K [0x00000000a0000000, 0x0000000100000000)
  region size 1024K, 7 young (7168K), 7 survivors (7168K)
 Metaspace       used 5408K, committed 5696K, reserved 1114112K
  class space    used 717K, committed 832K, reserved 1048576K
}
Event: 755.301 GC heap before
{Heap before GC invocations=3 (full 0):
 garbage-first heap   total 522240K, used 132961K [0x00000000a0000000, 0x0000000100000000)
  region size 1024K, 122 young (124928K), 7 survivors (7168K)
 Metaspace       used 20791K, committed 21504K, reserved 1114112K
  class space    used 3009K, committed 3392K, reserved 1048576K
}
Event: 755.348 GC heap after
{Heap after GC invocations=4 (full 0):
 garbage-first heap   total 522240K, used 24288K [0x00000000a0000000, 0x0000000100000000)
  region size 1024K, 15 young (15360K), 15 survivors (15360K)
 Metaspace       used 20791K, committed 21504K, reserved 1114112K
  class space    used 3009K, committed 3392K, reserved 1048576K
}
Event: 849.017 GC heap before
{Heap before GC invocations=5 (full 0):
 garbage-first heap   total 81920K, used 80608K [0x00000000a0000000, 0x0000000100000000)
  region size 1024K, 71 young (72704K), 15 survivors (15360K)
 Metaspace       used 26908K, committed 27968K, reserved 1114112K
  class space    used 4017K, committed 4544K, reserved 1048576K
}
Event: 849.038 GC heap after
{Heap after GC invocations=6 (full 0):
 garbage-first heap   total 100352K, used 26906K [0x00000000a0000000, 0x0000000100000000)
  region size 1024K, 18 young (18432K), 18 survivors (18432K)
 Metaspace       used 26908K, committed 27968K, reserved 1114112K
  class space    used 4017K, committed 4544K, reserved 1048576K
}
Event: 906.719 GC heap before
{Heap before GC invocations=6 (full 0):
 garbage-first heap   total 100352K, used 66842K [0x00000000a0000000, 0x0000000100000000)
  region size 1024K, 58 young (59392K), 18 survivors (18432K)
 Metaspace       used 33077K, committed 34432K, reserved 1114112K
  class space    used 4849K, committed 5504K, reserved 1048576K
}
Event: 906.740 GC heap after
{Heap after GC invocations=7 (full 0):
 garbage-first heap   total 100352K, used 30082K [0x00000000a0000000, 0x0000000100000000)
  region size 1024K, 7 young (7168K), 7 survivors (7168K)
 Metaspace       used 33077K, committed 34432K, reserved 1114112K
  class space    used 4849K, committed 5504K, reserved 1048576K
}
Event: 915.268 GC heap before
{Heap before GC invocations=7 (full 0):
 garbage-first heap   total 100352K, used 37250K [0x00000000a0000000, 0x0000000100000000)
  region size 1024K, 16 young (16384K), 7 survivors (7168K)
 Metaspace       used 34769K, committed 35968K, reserved 1114112K
  class space    used 5021K, committed 5632K, reserved 1048576K
}
Event: 915.280 GC heap after
{Heap after GC invocations=8 (full 0):
 garbage-first heap   total 100352K, used 30894K [0x00000000a0000000, 0x0000000100000000)
  region size 1024K, 5 young (5120K), 5 survivors (5120K)
 Metaspace       used 34769K, committed 35968K, reserved 1114112K
  class space    used 5021K, committed 5632K, reserved 1048576K
}
Event: 1197.297 GC heap before
{Heap before GC invocations=9 (full 0):
 garbage-first heap   total 100352K, used 81070K [0x00000000a0000000, 0x0000000100000000)
  region size 1024K, 55 young (56320K), 5 survivors (5120K)
 Metaspace       used 36495K, committed 37824K, reserved 1114112K
  class space    used 5286K, committed 5952K, reserved 1048576K
}
Event: 1197.439 GC heap after
{Heap after GC invocations=10 (full 0):
 garbage-first heap   total 100352K, used 33240K [0x00000000a0000000, 0x0000000100000000)
  region size 1024K, 7 young (7168K), 7 survivors (7168K)
 Metaspace       used 36495K, committed 37824K, reserved 1114112K
  class space    used 5286K, committed 5952K, reserved 1048576K
}
Event: 1692.183 GC heap before
{Heap before GC invocations=10 (full 0):
 garbage-first heap   total 100352K, used 84440K [0x00000000a0000000, 0x0000000100000000)
  region size 1024K, 57 young (58368K), 7 survivors (7168K)
 Metaspace       used 36826K, committed 38144K, reserved 1114112K
  class space    used 5338K, committed 6016K, reserved 1048576K
}
Event: 1692.234 GC heap after
{Heap after GC invocations=11 (full 0):
 garbage-first heap   total 100352K, used 32458K [0x00000000a0000000, 0x0000000100000000)
  region size 1024K, 4 young (4096K), 4 survivors (4096K)
 Metaspace       used 36826K, committed 38144K, reserved 1114112K
  class space    used 5338K, committed 6016K, reserved 1048576K
}
Event: 2080.019 GC heap before
{Heap before GC invocations=11 (full 0):
 garbage-first heap   total 100352K, used 86730K [0x00000000a0000000, 0x0000000100000000)
  region size 1024K, 57 young (58368K), 4 survivors (4096K)
 Metaspace       used 36885K, committed 38272K, reserved 1114112K
  class space    used 5338K, committed 6016K, reserved 1048576K
}
Event: 2080.052 GC heap after
{Heap after GC invocations=12 (full 0):
 garbage-first heap   total 100352K, used 32412K [0x00000000a0000000, 0x0000000100000000)
  region size 1024K, 4 young (4096K), 4 survivors (4096K)
 Metaspace       used 36885K, committed 38272K, reserved 1114112K
  class space    used 5338K, committed 6016K, reserved 1048576K
}

